<?xml version="1.0" encoding="UTF-8"?>
<testsuite xmlns:xsi="http://www.w3.org/2001/XMLSchema-instance" xsi:noNamespaceSchemaLocation="https://maven.apache.org/surefire/maven-surefire-plugin/xsd/surefire-test-report-3.0.xsd" version="3.0" name="com.curso.camel.processor.email.EmailProcessorTest" time="0.142" tests="16" errors="0" skipped="0" failures="0">
  <properties>
[...]
</properties>
  <testcase name="testEsEmailNoValido(String)[1]" classname="com.curso.camel.processor.email.EmailProcessorTest" time="0.016"/>
  <testcase name="testEsEmailNoValido(String)[2]" classname="com.curso.camel.processor.email.EmailProcessorTest" time="0.008"/>
  <testcase name="testEsEmailNoValido(String)[3]" classname="com.curso.camel.processor.email.EmailProcessorTest" time="0.008"/>
  <testcase name="testEsEmailNoValido(String)[4]" classname="com.curso.camel.processor.email.EmailProcessorTest" time="0.009"/>
  <testcase name="testEsEmailNoValido(String)[5]" classname="com.curso.camel.processor.email.EmailProcessorTest" time="0.005"/>
  <testcase name="testEsEmailNoValido(String)[6]" classname="com.curso.camel.processor.email.EmailProcessorTest" time="0.01"/>
  <testcase name="testEsEmailNoValido(String)[7]" classname="com.curso.camel.processor.email.EmailProcessorTest" time="0.006"/>
  <testcase name="testEsEmailNoValido(String)[8]" classname="com.curso.camel.processor.email.EmailProcessorTest" time="0.011"/>
  <testcase name="testEsEmailNoValido(String)[9]" classname="com.curso.camel.processor.email.EmailProcessorTest" time="0.006"/>
  <testcase name="testEsEmailNoValido(String)[10]" classname="com.curso.camel.processor.email.EmailProcessorTest" time="0.008"/>
  <testcase name="testEsEmailValido(String)[1]" classname="com.curso.camel.processor.email.EmailProcessorTest" time="0.006"/>
  <testcase name="testEsEmailValido(String)[2]" classname="com.curso.camel.processor.email.EmailProcessorTest" time="0.006"/>
  <testcase name="testEsEmailValido(String)[3]" classname="com.curso.camel.processor.email.EmailProcessorTest" time="0.005"/>
  <testcase name="testEsEmailValido(String)[4]" classname="com.curso.camel.processor.email.EmailProcessorTest" time="0.004"/>
  <testcase name="testEsEmailValido(String)[5]" classname="com.curso.camel.processor.email.EmailProcessorTest" time="0.007"/>
  <testcase name="testEsEmailValido(String)[6]" classname="com.curso.camel.processor.email.EmailProcessorTest" time="0.006"/>
</testsuite>