<?xml version="1.0" encoding="UTF-8"?>
<testsuite xmlns:xsi="http://www.w3.org/2001/XMLSchema-instance" xsi:noNamespaceSchemaLocation="https://maven.apache.org/surefire/maven-surefire-plugin/xsd/surefire-test-report-3.0.xsd" version="3.0" name="com.curso.camel.casisistema.PruebaRutaCompletaTest" time="4.13" tests="1" errors="0" skipped="0" failures="1">
  <properties>
[...]
</properties>
  <testcase name="mandarMensajeConPersonaConDNIValido" classname="com.curso.camel.casisistema.PruebaRutaCompletaTest" time="1.188">
    <failure message="El ID debe ser correcto ==&gt; expected: java.lang.Long@e2bdc58&lt;1&gt; but was: java.lang.String@599e81bd&lt;1&gt;" type="org.opentest4j.AssertionFailedError"><![CDATA[org.opentest4j.AssertionFailedError: El ID debe ser correcto ==> expected: java.lang.Long@e2bdc58<1> but was: java.lang.String@599e81bd<1>
	at org.junit.jupiter.api.AssertionFailureBuilder.build(AssertionFailureBuilder.java:151)
	at org.junit.jupiter.api.AssertionFailureBuilder.buildAndThrow(AssertionFailureBuilder.java:132)
	at org.junit.jupiter.api.AssertEquals.failNotEqual(AssertEquals.java:197)
	at org.junit.jupiter.api.AssertEquals.assertEquals(AssertEquals.java:182)
	at org.junit.jupiter.api.Assertions.assertEquals(Assertions.java:1156)
	at com.curso.camel.casisistema.PruebaRutaCompletaTest.mandarMensajeConPersonaConDNIValido(PruebaRutaCompletaTest.java:133)
	at java.base/java.lang.reflect.Method.invoke(Method.java:580)
	at java.base/java.util.ArrayList.forEach(ArrayList.java:1596)
	at java.base/java.util.ArrayList.forEach(ArrayList.java:1596)
]]></failure>
    <system-out><![CDATA[
  .   ____          _            __ _ _
 /\\ / ___'_ __ _ _(_)_ __  __ _ \ \ \ \
( ( )\___ | '_ | '_| | '_ \/ _` | \ \ \ \
 \\/  ___)| |_)| | | | | || (_| |  ) ) ) )
  '  |____| .__|_| |_|_| |_\__, | / / / /
 =========|_|==============|___/=/_/_/_/

 :: Spring Boot ::                (v3.5.6)

2025-10-10T10:08:24.459+02:00  INFO 41250 --- [           main] c.c.c.c.PruebaRutaCompletaTest           : Starting PruebaRutaCompletaTest using Java 21.0.8 with PID 41250 (started by ivan in /Users/ivan/formacionCamel/proyectos/bueno)
2025-10-10T10:08:24.460+02:00  INFO 41250 --- [           main] c.c.c.c.PruebaRutaCompletaTest           : No active profile set, falling back to 1 default profile: "default"
2025-10-10T10:08:25.258+02:00  INFO 41250 --- [           main] .s.d.r.c.RepositoryConfigurationDelegate : Bootstrapping Spring Data JPA repositories in DEFAULT mode.
2025-10-10T10:08:25.281+02:00  INFO 41250 --- [           main] .s.d.r.c.RepositoryConfigurationDelegate : Finished Spring Data repository scanning in 21 ms. Found 0 JPA repository interfaces.
2025-10-10T10:08:25.538+02:00  INFO 41250 --- [           main] com.zaxxer.hikari.HikariDataSource       : HikariPool-3 - Starting...
2025-10-10T10:08:25.543+02:00  INFO 41250 --- [           main] com.zaxxer.hikari.pool.HikariPool        : HikariPool-3 - Added connection conn20: url=jdbc:h2:mem:d89db6d6-cd04-4601-b220-bdef4f8758a6 user=SA
2025-10-10T10:08:25.543+02:00  INFO 41250 --- [           main] com.zaxxer.hikari.HikariDataSource       : HikariPool-3 - Start completed.
2025-10-10T10:08:25.629+02:00  INFO 41250 --- [           main] o.hibernate.jpa.internal.util.LogHelper  : HHH000204: Processing PersistenceUnitInfo [name: default]
2025-10-10T10:08:25.638+02:00  INFO 41250 --- [           main] o.h.c.internal.RegionFactoryInitiator    : HHH000026: Second-level cache disabled
2025-10-10T10:08:25.658+02:00  INFO 41250 --- [           main] o.s.o.j.p.SpringPersistenceUnitInfo      : No LoadTimeWeaver setup: ignoring JPA class transformer
2025-10-10T10:08:25.660+02:00  INFO 41250 --- [           main] org.hibernate.orm.connections.pooling    : HHH10001005: Database info:
	Database JDBC URL [Connecting through datasource 'HikariDataSource (HikariPool-3)']
	Database driver: undefined/unknown
	Database version: 2.3.232
	Autocommit mode: undefined/unknown
	Isolation level: undefined/unknown
	Minimum pool size: undefined/unknown
	Maximum pool size: undefined/unknown
2025-10-10T10:08:26.354+02:00  INFO 41250 --- [           main] o.h.e.t.j.p.i.JtaPlatformInitiator       : HHH000489: No JTA platform available (set 'hibernate.transaction.jta.platform' to enable JTA platform integration)
2025-10-10T10:08:26.386+02:00  INFO 41250 --- [           main] j.LocalContainerEntityManagerFactoryBean : Initialized JPA EntityManagerFactory for persistence unit 'default'
2025-10-10T10:08:27.210+02:00  INFO 41250 --- [           main] c.c.c.c.PruebaRutaCompletaTest           : Started PruebaRutaCompletaTest in 2.839 seconds (process running for 11.966)
2025-10-10T10:08:27.221+02:00  INFO 41250 --- [           main] c.t.s.j.CamelSpringBootExecutionListener : CamelSpringBootExecutionListener preparing: class com.curso.camel.casisistema.PruebaRutaCompletaTest
2025-10-10T10:08:27.221+02:00  INFO 41250 --- [           main] o.a.c.t.s.j.CamelAnnotationsHandler      : Disabling Camel JMX globally for tests by default. Use the DisableJMX annotation to override the default setting.
2025-10-10T10:08:27.222+02:00  INFO 41250 --- [           main] o.a.c.t.s.j.CamelAnnotationsHandler      : Setting shutdown timeout to [10 SECONDS] on CamelContext with name [camelContext].
2025-10-10T10:08:27.275+02:00  INFO 41250 --- [           main] c.t.s.j.CamelSpringBootExecutionListener : CamelSpringBootExecutionListener before: class com.curso.camel.casisistema.PruebaRutaCompletaTest.mandarMensajeConPersonaConDNIValido
2025-10-10T10:08:27.275+02:00  INFO 41250 --- [           main] c.t.s.j.CamelSpringBootExecutionListener : Initialized CamelSpringBootExecutionListener now ready to start CamelContext
2025-10-10T10:08:27.275+02:00  INFO 41250 --- [           main] o.a.c.t.s.j.CamelAnnotationsHandler      : Skipping starting CamelContext(s) as UseAdviceWith annotation was found and isUseAdviceWith is set to true.
2025-10-10T10:08:28.303+02:00  INFO 41250 --- [           main] o.apache.camel.builder.AdviceWithTasks   : AdviceWith replace input from [algo:algo] --> [direct::start]
2025-10-10T10:08:28.304+02:00  INFO 41250 --- [           main] o.apache.camel.builder.AdviceWithTasks   : AdviceWith (*) : [To[otra:cosa]] --> replace [To[mock:result]]
2025-10-10T10:08:28.304+02:00  INFO 41250 --- [           main] org.apache.camel.builder.AdviceWith      : AdviceWith route after: Route(ruta1-bbdd2kafka)[From[direct::start] -> [Log[Registro leído de la base de datos: ${body}], Bean[com.curso.camel.processor.edad.EdadProcessor], Bean[com.curso.camel.processor.dni.DNIProcessor], Filter[bean[SoloDNIsValidos method:matches] -> [Bean[com.curso.camel.processor.email.EmailProcessor], Filter[bean[SoloEmailsValidos method:matches] -> [Bean[com.curso.camel.mapper.PersonaIn2PersonaOutMapper], Marshal[org.apache.camel.model.DataFormatDefinition@6e00a1ba], Log[Mensaje XML a enviar a Kafka: ${body}], To[mock:result]]]]]]]
2025-10-10T10:08:28.308+02:00  INFO 41250 --- [           main] org.apache.camel.builder.AdviceWith      : Adviced route before/after as XML:
<route xmlns="http://camel.apache.org/schema/spring" id="ruta1-bbdd2kafka">
    <from uri="algo:algo"/>
    <log message="Registro leído de la base de datos: ${body}"/>
    <bean/>
    <bean/>
    <filter>
        <method beanType="com.curso.camel.filter.SoloDNIsValidos" method="matches"/>
        <bean/>
        <filter>
            <method beanType="com.curso.camel.filter.SoloEmailsValidos" method="matches"/>
            <bean/>
            <marshal>
                <beanio xmlns:xsi="http://www.w3.org/2001/XMLSchema-instance" xsi:type="dataFormat"/>
            </marshal>
            <log message="Mensaje XML a enviar a Kafka: ${body}"/>
            <to uri="otra:cosa"/>
        </filter>
    </filter>
</route>

<route xmlns="http://camel.apache.org/schema/spring" id="ruta1-bbdd2kafka">
    <from uri="direct::start"/>
    <log message="Registro leído de la base de datos: ${body}"/>
    <bean/>
    <bean/>
    <filter>
        <method beanType="com.curso.camel.filter.SoloDNIsValidos" method="matches"/>
        <bean/>
        <filter>
            <method beanType="com.curso.camel.filter.SoloEmailsValidos" method="matches"/>
            <bean/>
            <marshal>
                <beanio xmlns:xsi="http://www.w3.org/2001/XMLSchema-instance" xsi:type="dataFormat"/>
            </marshal>
            <log message="Mensaje XML a enviar a Kafka: ${body}"/>
            <to uri="mock:result"/>
        </filter>
    </filter>
</route>
2025-10-10T10:08:28.400+02:00  INFO 41250 --- [           main] o.a.c.impl.engine.AbstractCamelContext   : Apache Camel 4.10.7 (camel-58) is starting
2025-10-10T10:08:28.403+02:00  INFO 41250 --- [           main] o.a.c.c.jacksonxml.JacksonXMLDataFormat  : Registering module: com.fasterxml.jackson.module.jakarta.xmlbind.JakartaXmlBindAnnotationModule@4a7812cb
2025-10-10T10:08:28.404+02:00  INFO 41250 --- [           main] c.s.b.CamelSpringBootApplicationListener : Starting CamelMainRunController to ensure the main thread keeps running
2025-10-10T10:08:28.405+02:00  INFO 41250 --- [           main] o.a.c.impl.engine.AbstractCamelContext   : Routes startup (total:1)
2025-10-10T10:08:28.405+02:00  INFO 41250 --- [           main] o.a.c.impl.engine.AbstractCamelContext   :     Started ruta1-bbdd2kafka (direct://:start)
2025-10-10T10:08:28.405+02:00  INFO 41250 --- [           main] o.a.c.impl.engine.AbstractCamelContext   : Apache Camel 4.10.7 (camel-58) started in 4ms (build:0ms init:0ms start:4ms boot:1s976ms)
2025-10-10T10:08:28.405+02:00  INFO 41250 --- [inRunController] org.apache.camel.main.MainSupport        : Apache Camel (Main) 4.10.7 is starting
2025-10-10T10:08:28.414+02:00  INFO 41250 --- [           main] ruta1-bbdd2kafka                         : Registro leído de la base de datos: personaIn
2025-10-10T10:08:28.433+02:00  INFO 41250 --- [           main] ruta1-bbdd2kafka                         : Mensaje XML a enviar a Kafka: <Persona id="1"><DNI>12345678Z</DNI><Nombre>Juan Pérez</Nombre><Edad>35</Edad><Direccion><Calle>Calle Mayor 123</Calle><Ciudad>Madrid</Ciudad><CodigoPostal>28001</CodigoPostal><Pais>España</Pais></Direccion><DatosContacto><Telefonos><Telefono>600123456</Telefono></Telefonos><Emails><Email>juan@example.com</Email></Emails></DatosContacto></Persona>
2025-10-10T10:08:28.434+02:00  INFO 41250 --- [           main] o.a.camel.component.mock.MockEndpoint    : Asserting: mock://result is satisfied
2025-10-10T10:08:28.451+02:00  INFO 41250 --- [           main] c.c.c.c.PruebaRutaCompletaTest           : ********************************************************************************
2025-10-10T10:08:28.451+02:00  INFO 41250 --- [           main] c.c.c.c.PruebaRutaCompletaTest           : Testing done: mandarMensajeConPersonaConDNIValido (com.curso.camel.casisistema.PruebaRutaCompletaTest)
2025-10-10T10:08:28.451+02:00  INFO 41250 --- [           main] c.c.c.c.PruebaRutaCompletaTest           : Took: 1s176ms (1176 millis)
2025-10-10T10:08:28.451+02:00  INFO 41250 --- [           main] c.c.c.c.PruebaRutaCompletaTest           : ********************************************************************************
2025-10-10T10:08:28.452+02:00  INFO 41250 --- [           main] c.t.s.j.CamelSpringBootExecutionListener : CamelSpringBootExecutionListener after: class com.curso.camel.casisistema.PruebaRutaCompletaTest.mandarMensajeConPersonaConDNIValido
]]></system-out>
  </testcase>
</testsuite>