<?xml version="1.0" encoding="UTF-8"?>
<testsuite xmlns:xsi="http://www.w3.org/2001/XMLSchema-instance" xsi:noNamespaceSchemaLocation="https://maven.apache.org/surefire/maven-surefire-plugin/xsd/surefire-test-report-3.0.xsd" version="3.0" name="com.curso.camel.marshal.PersonaOutAXMLTest" time="5.306" tests="1" errors="0" skipped="0" failures="0">
  <properties>
[...]
</properties>
  <testcase name="probarQueUnaPersonaSeConvierteAdecuadamenteAXML" classname="com.curso.camel.marshal.PersonaOutAXMLTest" time="0.945">
    <system-out><![CDATA[10:08:16.179 [main] INFO org.apache.camel.test.spring.junit5.CamelSpringBootExecutionListener -- CamelSpringBootExecutionListener preparing: class com.curso.camel.marshal.PersonaOutAXMLTest
10:08:16.187 [main] INFO org.apache.camel.test.spring.junit5.CamelAnnotationsHandler -- Disabling Camel JMX globally for tests by default. Use the DisableJMX annotation to override the default setting.

  .   ____          _            __ _ _
 /\\ / ___'_ __ _ _(_)_ __  __ _ \ \ \ \
( ( )\___ | '_ | '_| | '_ \/ _` | \ \ \ \
 \\/  ___)| |_)| | | | | || (_| |  ) ) ) )
  '  |____| .__|_| |_|_| |_\__, | / / / /
 =========|_|==============|___/=/_/_/_/

 :: Spring Boot ::                (v3.5.6)

2025-10-10T10:08:16.604+02:00  INFO 41250 --- [           main] c.c.camel.marshal.PersonaOutAXMLTest     : Starting PersonaOutAXMLTest using Java 21.0.8 with PID 41250 (started by ivan in /Users/ivan/formacionCamel/proyectos/bueno)
2025-10-10T10:08:16.606+02:00  INFO 41250 --- [           main] c.c.camel.marshal.PersonaOutAXMLTest     : No active profile set, falling back to 1 default profile: "default"
2025-10-10T10:08:17.497+02:00  INFO 41250 --- [           main] .s.d.r.c.RepositoryConfigurationDelegate : Bootstrapping Spring Data JPA repositories in DEFAULT mode.
2025-10-10T10:08:17.524+02:00  INFO 41250 --- [           main] .s.d.r.c.RepositoryConfigurationDelegate : Finished Spring Data repository scanning in 17 ms. Found 0 JPA repository interfaces.
2025-10-10T10:08:17.881+02:00  INFO 41250 --- [           main] com.zaxxer.hikari.HikariDataSource       : HikariPool-1 - Starting...
2025-10-10T10:08:18.028+02:00  INFO 41250 --- [           main] com.zaxxer.hikari.pool.HikariPool        : HikariPool-1 - Added connection conn0: url=jdbc:h2:mem:c2654d4f-9ad4-4c9c-aaf5-c3566080279d user=SA
2025-10-10T10:08:18.029+02:00  INFO 41250 --- [           main] com.zaxxer.hikari.HikariDataSource       : HikariPool-1 - Start completed.
2025-10-10T10:08:18.162+02:00  INFO 41250 --- [           main] o.hibernate.jpa.internal.util.LogHelper  : HHH000204: Processing PersistenceUnitInfo [name: default]
2025-10-10T10:08:18.224+02:00  INFO 41250 --- [           main] org.hibernate.Version                    : HHH000412: Hibernate ORM core version 6.6.29.Final
2025-10-10T10:08:18.275+02:00  INFO 41250 --- [           main] o.h.c.internal.RegionFactoryInitiator    : HHH000026: Second-level cache disabled
2025-10-10T10:08:18.865+02:00  INFO 41250 --- [           main] o.s.o.j.p.SpringPersistenceUnitInfo      : No LoadTimeWeaver setup: ignoring JPA class transformer
2025-10-10T10:08:18.992+02:00  INFO 41250 --- [           main] org.hibernate.orm.connections.pooling    : HHH10001005: Database info:
	Database JDBC URL [Connecting through datasource 'HikariDataSource (HikariPool-1)']
	Database driver: undefined/unknown
	Database version: 2.3.232
	Autocommit mode: undefined/unknown
	Isolation level: undefined/unknown
	Minimum pool size: undefined/unknown
	Maximum pool size: undefined/unknown
2025-10-10T10:08:19.575+02:00  INFO 41250 --- [           main] o.h.e.t.j.p.i.JtaPlatformInitiator       : HHH000489: No JTA platform available (set 'hibernate.transaction.jta.platform' to enable JTA platform integration)
2025-10-10T10:08:19.580+02:00  INFO 41250 --- [           main] j.LocalContainerEntityManagerFactoryBean : Initialized JPA EntityManagerFactory for persistence unit 'default'
2025-10-10T10:08:20.194+02:00  INFO 41250 --- [           main] c.c.camel.marshal.PersonaOutAXMLTest     : Started PersonaOutAXMLTest in 3.983 seconds (process running for 4.949)
2025-10-10T10:08:20.199+02:00  INFO 41250 --- [           main] o.a.c.t.s.j.CamelAnnotationsHandler      : Setting shutdown timeout to [10 SECONDS] on CamelContext with name [camelContext].
2025-10-10T10:08:20.208+02:00  INFO 41250 --- [           main] c.t.s.j.CamelSpringBootExecutionListener : CamelSpringBootExecutionListener before: class com.curso.camel.marshal.PersonaOutAXMLTest.probarQueUnaPersonaSeConvierteAdecuadamenteAXML
2025-10-10T10:08:20.209+02:00  INFO 41250 --- [           main] c.t.s.j.CamelSpringBootExecutionListener : Initialized CamelSpringBootExecutionListener now ready to start CamelContext
2025-10-10T10:08:20.210+02:00  INFO 41250 --- [           main] o.a.c.t.s.j.CamelAnnotationsHandler      : Starting CamelContext with name [camelContext].
2025-10-10T10:08:20.262+02:00  INFO 41250 --- [           main] o.a.c.impl.engine.AbstractCamelContext   : Apache Camel 4.10.7 (camel-1) is starting
2025-10-10T10:08:20.271+02:00  INFO 41250 --- [           main] c.s.b.CamelSpringBootApplicationListener : Starting CamelMainRunController to ensure the main thread keeps running
2025-10-10T10:08:20.271+02:00  INFO 41250 --- [inRunController] org.apache.camel.main.MainSupport        : Apache Camel (Main) 4.10.7 is starting
2025-10-10T10:08:20.273+02:00  INFO 41250 --- [           main] o.a.c.impl.engine.AbstractCamelContext   : Routes startup (total:0)
2025-10-10T10:08:20.273+02:00  INFO 41250 --- [           main] o.a.c.impl.engine.AbstractCamelContext   : Apache Camel 4.10.7 (camel-1) started in 9ms (build:0ms init:0ms start:9ms)
2025-10-10T10:08:20.985+02:00  INFO 41250 --- [           main] o.a.c.c.jacksonxml.JacksonXMLDataFormat  : Registering module: com.fasterxml.jackson.module.jakarta.xmlbind.JakartaXmlBindAnnotationModule@6b6fde93
2025-10-10T10:08:21.142+02:00  INFO 41250 --- [           main] c.c.camel.marshal.PersonaOutAXMLTest     : ********************************************************************************
2025-10-10T10:08:21.142+02:00  INFO 41250 --- [           main] c.c.camel.marshal.PersonaOutAXMLTest     : Testing done: probarQueUnaPersonaSeConvierteAdecuadamenteAXML (com.curso.camel.marshal.PersonaOutAXMLTest)
2025-10-10T10:08:21.142+02:00  INFO 41250 --- [           main] c.c.camel.marshal.PersonaOutAXMLTest     : Took: 865ms (865 millis)
2025-10-10T10:08:21.142+02:00  INFO 41250 --- [           main] c.c.camel.marshal.PersonaOutAXMLTest     : ********************************************************************************
2025-10-10T10:08:21.142+02:00  INFO 41250 --- [           main] c.t.s.j.CamelSpringBootExecutionListener : CamelSpringBootExecutionListener after: class com.curso.camel.marshal.PersonaOutAXMLTest.probarQueUnaPersonaSeConvierteAdecuadamenteAXML
]]></system-out>
    <system-err><![CDATA[Mockito is currently self-attaching to enable the inline-mock-maker. This will no longer work in future releases of the JDK. Please add Mockito as an agent to your build as described in Mockito's documentation: https://javadoc.io/doc/org.mockito/mockito-core/latest/org.mockito/org/mockito/Mockito.html#0.3
WARNING: A Java agent has been loaded dynamically (/Users/ivan/.m2/repository/net/bytebuddy/byte-buddy-agent/1.17.7/byte-buddy-agent-1.17.7.jar)
WARNING: If a serviceability tool is in use, please run with -XX:+EnableDynamicAgentLoading to hide this warning
WARNING: If a serviceability tool is not in use, please run with -Djdk.instrument.traceUsage for more information
WARNING: Dynamic loading of agents will be disallowed by default in a future release
]]></system-err>
  </testcase>
</testsuite>