<?xml version="1.0" encoding="UTF-8"?>
<testsuite xmlns:xsi="http://www.w3.org/2001/XMLSchema-instance" xsi:noNamespaceSchemaLocation="https://maven.apache.org/surefire/maven-surefire-plugin/xsd/surefire-test-report-3.0.xsd" version="3.0" name="com.curso.camel.integration.DNIFilterAndProcessorIntegrationTest" time="5.47" tests="4" errors="0" skipped="0" failures="2">
  <properties>
[...]
</properties>
  <testcase name="mandarMensajeConPersonaSinDNI" classname="com.curso.camel.integration.DNIFilterAndProcessorIntegrationTest" time="0.508">
    <system-out><![CDATA[
  .   ____          _            __ _ _
 /\\ / ___'_ __ _ _(_)_ __  __ _ \ \ \ \
( ( )\___ | '_ | '_| | '_ \/ _` | \ \ \ \
 \\/  ___)| |_)| | | | | || (_| |  ) ) ) )
  '  |____| .__|_| |_|_| |_\__, | / / / /
 =========|_|==============|___/=/_/_/_/

 :: Spring Boot ::                (v3.5.6)

2025-10-09T12:12:00.543+02:00  INFO 18724 --- [           main] c.i.DNIFilterAndProcessorIntegrationTest : Starting DNIFilterAndProcessorIntegrationTest using Java 21.0.8 with PID 18724 (started by ivan in /Users/ivan/formacionCamel/proyectos/bueno)
2025-10-09T12:12:00.548+02:00  INFO 18724 --- [           main] c.i.DNIFilterAndProcessorIntegrationTest : No active profile set, falling back to 1 default profile: "default"
2025-10-09T12:12:02.264+02:00  INFO 18724 --- [           main] c.i.DNIFilterAndProcessorIntegrationTest : Started DNIFilterAndProcessorIntegrationTest in 2.136 seconds (process running for 3.69)
2025-10-09T12:12:02.290+02:00  INFO 18724 --- [           main] c.t.s.j.CamelSpringBootExecutionListener : CamelSpringBootExecutionListener preparing: class com.curso.camel.integration.DNIFilterAndProcessorIntegrationTest
2025-10-09T12:12:02.295+02:00  INFO 18724 --- [           main] o.a.c.t.s.j.CamelAnnotationsHandler      : Disabling Camel JMX globally for tests by default. Use the DisableJMX annotation to override the default setting.
2025-10-09T12:12:02.297+02:00  INFO 18724 --- [           main] o.a.c.t.s.j.CamelAnnotationsHandler      : Setting shutdown timeout to [10 SECONDS] on CamelContext with name [camelContext].
2025-10-09T12:12:04.544+02:00  INFO 18724 --- [           main] c.t.s.j.CamelSpringBootExecutionListener : CamelSpringBootExecutionListener before: class com.curso.camel.integration.DNIFilterAndProcessorIntegrationTest.mandarMensajeConPersonaSinDNI
2025-10-09T12:12:04.546+02:00  INFO 18724 --- [           main] c.t.s.j.CamelSpringBootExecutionListener : Initialized CamelSpringBootExecutionListener now ready to start CamelContext
2025-10-09T12:12:04.547+02:00  INFO 18724 --- [           main] o.a.c.t.s.j.CamelAnnotationsHandler      : Starting CamelContext with name [camelContext].
2025-10-09T12:12:04.715+02:00  INFO 18724 --- [           main] o.a.c.impl.engine.AbstractCamelContext   : Apache Camel 4.10.7 (camel-1) is starting
2025-10-09T12:12:04.735+02:00  INFO 18724 --- [           main] c.s.b.CamelSpringBootApplicationListener : Starting CamelMainRunController to ensure the main thread keeps running
2025-10-09T12:12:04.736+02:00  INFO 18724 --- [inRunController] org.apache.camel.main.MainSupport        : Apache Camel (Main) 4.10.7 is starting
2025-10-09T12:12:04.740+02:00  INFO 18724 --- [           main] o.a.c.impl.engine.AbstractCamelContext   : Routes startup (total:1)
2025-10-09T12:12:04.740+02:00  INFO 18724 --- [           main] o.a.c.impl.engine.AbstractCamelContext   :     Started route1 (direct://:start)
2025-10-09T12:12:04.740+02:00  INFO 18724 --- [           main] o.a.c.impl.engine.AbstractCamelContext   : Apache Camel 4.10.7 (camel-1) started in 25ms (build:0ms init:0ms start:25ms)
El DNI : personaIn es válido? false
2025-10-09T12:12:05.027+02:00  INFO 18724 --- [           main] o.a.camel.component.mock.MockEndpoint    : Asserting: mock://result is satisfied
2025-10-09T12:12:05.035+02:00  INFO 18724 --- [           main] c.i.DNIFilterAndProcessorIntegrationTest : ********************************************************************************
2025-10-09T12:12:05.036+02:00  INFO 18724 --- [           main] c.i.DNIFilterAndProcessorIntegrationTest : Testing done: mandarMensajeConPersonaSinDNI (com.curso.camel.integration.DNIFilterAndProcessorIntegrationTest)
2025-10-09T12:12:05.037+02:00  INFO 18724 --- [           main] c.i.DNIFilterAndProcessorIntegrationTest : Took: 292ms (292 millis)
2025-10-09T12:12:05.037+02:00  INFO 18724 --- [           main] c.i.DNIFilterAndProcessorIntegrationTest : ********************************************************************************
2025-10-09T12:12:05.037+02:00  INFO 18724 --- [           main] c.t.s.j.CamelSpringBootExecutionListener : CamelSpringBootExecutionListener after: class com.curso.camel.integration.DNIFilterAndProcessorIntegrationTest.mandarMensajeConPersonaSinDNI
]]></system-out>
    <system-err><![CDATA[Mockito is currently self-attaching to enable the inline-mock-maker. This will no longer work in future releases of the JDK. Please add Mockito as an agent to your build as described in Mockito's documentation: https://javadoc.io/doc/org.mockito/mockito-core/latest/org.mockito/org/mockito/Mockito.html#0.3
WARNING: A Java agent has been loaded dynamically (/Users/ivan/.m2/repository/net/bytebuddy/byte-buddy-agent/1.17.7/byte-buddy-agent-1.17.7.jar)
WARNING: If a serviceability tool is in use, please run with -XX:+EnableDynamicAgentLoading to hide this warning
WARNING: If a serviceability tool is not in use, please run with -Djdk.instrument.traceUsage for more information
WARNING: Dynamic loading of agents will be disallowed by default in a future release
]]></system-err>
  </testcase>
  <testcase name="mandarMensajeConPersonaConDNIValido" classname="com.curso.camel.integration.DNIFilterAndProcessorIntegrationTest" time="0.018">
    <system-out><![CDATA[2025-10-09T12:12:05.048+02:00  INFO 18724 --- [           main] c.t.s.j.CamelSpringBootExecutionListener : CamelSpringBootExecutionListener preparing: class com.curso.camel.integration.DNIFilterAndProcessorIntegrationTest
2025-10-09T12:12:05.049+02:00  INFO 18724 --- [           main] o.a.c.t.s.j.CamelAnnotationsHandler      : Disabling Camel JMX globally for tests by default. Use the DisableJMX annotation to override the default setting.
2025-10-09T12:12:05.049+02:00  INFO 18724 --- [           main] o.a.c.t.s.j.CamelAnnotationsHandler      : Setting shutdown timeout to [10 SECONDS] on CamelContext with name [camelContext].
2025-10-09T12:12:05.052+02:00  INFO 18724 --- [           main] c.t.s.j.CamelSpringBootExecutionListener : CamelSpringBootExecutionListener before: class com.curso.camel.integration.DNIFilterAndProcessorIntegrationTest.mandarMensajeConPersonaConDNIValido
2025-10-09T12:12:05.053+02:00  INFO 18724 --- [           main] c.t.s.j.CamelSpringBootExecutionListener : Initialized CamelSpringBootExecutionListener now ready to start CamelContext
El DNI : personaIn es válido? true
2025-10-09T12:12:05.065+02:00  INFO 18724 --- [           main] o.a.camel.component.mock.MockEndpoint    : Asserting: mock://result is satisfied
2025-10-09T12:12:05.067+02:00  INFO 18724 --- [           main] c.i.DNIFilterAndProcessorIntegrationTest : ********************************************************************************
2025-10-09T12:12:05.067+02:00  INFO 18724 --- [           main] c.i.DNIFilterAndProcessorIntegrationTest : Testing done: mandarMensajeConPersonaConDNIValido (com.curso.camel.integration.DNIFilterAndProcessorIntegrationTest)
2025-10-09T12:12:05.068+02:00  INFO 18724 --- [           main] c.i.DNIFilterAndProcessorIntegrationTest : Took: 13ms (13 millis)
2025-10-09T12:12:05.068+02:00  INFO 18724 --- [           main] c.i.DNIFilterAndProcessorIntegrationTest : ********************************************************************************
2025-10-09T12:12:05.068+02:00  INFO 18724 --- [           main] c.t.s.j.CamelSpringBootExecutionListener : CamelSpringBootExecutionListener after: class com.curso.camel.integration.DNIFilterAndProcessorIntegrationTest.mandarMensajeConPersonaConDNIValido
]]></system-out>
  </testcase>
  <testcase name="mandarMensajeConPersonaConDNIInvalido" classname="com.curso.camel.integration.DNIFilterAndProcessorIntegrationTest" time="0.022">
    <failure message="mock://result Received message count. Expected: &lt;0&gt; but was: &lt;1&gt;" type="java.lang.AssertionError"><![CDATA[java.lang.AssertionError: mock://result Received message count. Expected: <0> but was: <1>
	at org.apache.camel.component.mock.MockEndpoint.fail(MockEndpoint.java:2015)
	at org.apache.camel.component.mock.MockEndpoint.assertEquals(MockEndpoint.java:1950)
	at org.apache.camel.component.mock.MockEndpoint.doAssertIsSatisfied(MockEndpoint.java:447)
	at org.apache.camel.component.mock.MockEndpoint.assertIsSatisfied(MockEndpoint.java:431)
	at org.apache.camel.component.mock.MockEndpoint.assertIsSatisfied(MockEndpoint.java:421)
	at com.curso.camel.integration.DNIFilterAndProcessorIntegrationTest.mandarMensajeConPersonaConDNIInvalido(DNIFilterAndProcessorIntegrationTest.java:92)
	at java.base/java.lang.reflect.Method.invoke(Method.java:580)
	at java.base/java.util.ArrayList.forEach(ArrayList.java:1596)
	at java.base/java.util.ArrayList.forEach(ArrayList.java:1596)
]]></failure>
    <system-out><![CDATA[2025-10-09T12:12:05.073+02:00  INFO 18724 --- [           main] c.t.s.j.CamelSpringBootExecutionListener : CamelSpringBootExecutionListener preparing: class com.curso.camel.integration.DNIFilterAndProcessorIntegrationTest
2025-10-09T12:12:05.074+02:00  INFO 18724 --- [           main] o.a.c.t.s.j.CamelAnnotationsHandler      : Disabling Camel JMX globally for tests by default. Use the DisableJMX annotation to override the default setting.
2025-10-09T12:12:05.074+02:00  INFO 18724 --- [           main] o.a.c.t.s.j.CamelAnnotationsHandler      : Setting shutdown timeout to [10 SECONDS] on CamelContext with name [camelContext].
2025-10-09T12:12:05.079+02:00  INFO 18724 --- [           main] c.t.s.j.CamelSpringBootExecutionListener : CamelSpringBootExecutionListener before: class com.curso.camel.integration.DNIFilterAndProcessorIntegrationTest.mandarMensajeConPersonaConDNIInvalido
2025-10-09T12:12:05.079+02:00  INFO 18724 --- [           main] c.t.s.j.CamelSpringBootExecutionListener : Initialized CamelSpringBootExecutionListener now ready to start CamelContext
El DNI : personaIn es válido? false
2025-10-09T12:12:05.084+02:00  INFO 18724 --- [           main] o.a.camel.component.mock.MockEndpoint    : Asserting: mock://result is satisfied
2025-10-09T12:12:05.084+02:00  WARN 18724 --- [           main] o.a.camel.component.mock.MockEndpoint    : Received exchange: Exchange[19404300799C8B4-0000000000000000]
2025-10-09T12:12:05.084+02:00  WARN 18724 --- [           main] o.a.camel.component.mock.MockEndpoint    : Received exchange message: Message
2025-10-09T12:12:05.084+02:00  WARN 18724 --- [           main] o.a.camel.component.mock.MockEndpoint    : Received exchange message body: personaIn
2025-10-09T12:12:05.085+02:00  WARN 18724 --- [           main] o.a.camel.component.mock.MockEndpoint    : Received exchange message body type: class com.curso.camel.model.PersonaIn$MockitoMock$BGcZgYXc
2025-10-09T12:12:05.097+02:00  INFO 18724 --- [           main] c.i.DNIFilterAndProcessorIntegrationTest : ********************************************************************************
2025-10-09T12:12:05.097+02:00  INFO 18724 --- [           main] c.i.DNIFilterAndProcessorIntegrationTest : Testing done: mandarMensajeConPersonaConDNIInvalido (com.curso.camel.integration.DNIFilterAndProcessorIntegrationTest)
2025-10-09T12:12:05.098+02:00  INFO 18724 --- [           main] c.i.DNIFilterAndProcessorIntegrationTest : Took: 17ms (17 millis)
2025-10-09T12:12:05.098+02:00  INFO 18724 --- [           main] c.i.DNIFilterAndProcessorIntegrationTest : ********************************************************************************
2025-10-09T12:12:05.098+02:00  INFO 18724 --- [           main] c.t.s.j.CamelSpringBootExecutionListener : CamelSpringBootExecutionListener after: class com.curso.camel.integration.DNIFilterAndProcessorIntegrationTest.mandarMensajeConPersonaConDNIInvalido
]]></system-out>
  </testcase>
  <testcase name="mandarMensajeSinPersona" classname="com.curso.camel.integration.DNIFilterAndProcessorIntegrationTest" time="0.016">
    <failure message="mock://result Received message count. Expected: &lt;0&gt; but was: &lt;1&gt;" type="java.lang.AssertionError"><![CDATA[java.lang.AssertionError: mock://result Received message count. Expected: <0> but was: <1>
	at org.apache.camel.component.mock.MockEndpoint.fail(MockEndpoint.java:2015)
	at org.apache.camel.component.mock.MockEndpoint.assertEquals(MockEndpoint.java:1950)
	at org.apache.camel.component.mock.MockEndpoint.doAssertIsSatisfied(MockEndpoint.java:447)
	at org.apache.camel.component.mock.MockEndpoint.assertIsSatisfied(MockEndpoint.java:431)
	at org.apache.camel.component.mock.MockEndpoint.assertIsSatisfied(MockEndpoint.java:421)
	at com.curso.camel.integration.DNIFilterAndProcessorIntegrationTest.mandarMensajeSinPersona(DNIFilterAndProcessorIntegrationTest.java:77)
	at java.base/java.lang.reflect.Method.invoke(Method.java:580)
	at java.base/java.util.ArrayList.forEach(ArrayList.java:1596)
	at java.base/java.util.ArrayList.forEach(ArrayList.java:1596)
]]></failure>
    <system-out><![CDATA[2025-10-09T12:12:05.108+02:00  INFO 18724 --- [           main] c.t.s.j.CamelSpringBootExecutionListener : CamelSpringBootExecutionListener preparing: class com.curso.camel.integration.DNIFilterAndProcessorIntegrationTest
2025-10-09T12:12:05.108+02:00  INFO 18724 --- [           main] o.a.c.t.s.j.CamelAnnotationsHandler      : Disabling Camel JMX globally for tests by default. Use the DisableJMX annotation to override the default setting.
2025-10-09T12:12:05.109+02:00  INFO 18724 --- [           main] o.a.c.t.s.j.CamelAnnotationsHandler      : Setting shutdown timeout to [10 SECONDS] on CamelContext with name [camelContext].
2025-10-09T12:12:05.113+02:00  INFO 18724 --- [           main] c.t.s.j.CamelSpringBootExecutionListener : CamelSpringBootExecutionListener before: class com.curso.camel.integration.DNIFilterAndProcessorIntegrationTest.mandarMensajeSinPersona
2025-10-09T12:12:05.113+02:00  INFO 18724 --- [           main] c.t.s.j.CamelSpringBootExecutionListener : Initialized CamelSpringBootExecutionListener now ready to start CamelContext
El DNI : null es válido? false
2025-10-09T12:12:05.119+02:00  INFO 18724 --- [           main] o.a.camel.component.mock.MockEndpoint    : Asserting: mock://result is satisfied
2025-10-09T12:12:05.120+02:00  WARN 18724 --- [           main] o.a.camel.component.mock.MockEndpoint    : Received exchange: Exchange[19404300799C8B4-0000000000000000]
2025-10-09T12:12:05.120+02:00  WARN 18724 --- [           main] o.a.camel.component.mock.MockEndpoint    : Received exchange message: Message
2025-10-09T12:12:05.120+02:00  WARN 18724 --- [           main] o.a.camel.component.mock.MockEndpoint    : Received exchange message body: personaIn
2025-10-09T12:12:05.121+02:00  WARN 18724 --- [           main] o.a.camel.component.mock.MockEndpoint    : Received exchange message body type: class com.curso.camel.model.PersonaIn$MockitoMock$BGcZgYXc
2025-10-09T12:12:05.125+02:00  INFO 18724 --- [           main] c.i.DNIFilterAndProcessorIntegrationTest : ********************************************************************************
2025-10-09T12:12:05.125+02:00  INFO 18724 --- [           main] c.i.DNIFilterAndProcessorIntegrationTest : Testing done: mandarMensajeSinPersona (com.curso.camel.integration.DNIFilterAndProcessorIntegrationTest)
2025-10-09T12:12:05.125+02:00  INFO 18724 --- [           main] c.i.DNIFilterAndProcessorIntegrationTest : Took: 11ms (11 millis)
2025-10-09T12:12:05.125+02:00  INFO 18724 --- [           main] c.i.DNIFilterAndProcessorIntegrationTest : ********************************************************************************
2025-10-09T12:12:05.126+02:00  INFO 18724 --- [           main] c.t.s.j.CamelSpringBootExecutionListener : CamelSpringBootExecutionListener after: class com.curso.camel.integration.DNIFilterAndProcessorIntegrationTest.mandarMensajeSinPersona
]]></system-out>
  </testcase>
</testsuite>