<?xml version="1.0" encoding="UTF-8"?>
<testsuite xmlns:xsi="http://www.w3.org/2001/XMLSchema-instance" xsi:noNamespaceSchemaLocation="https://maven.apache.org/surefire/maven-surefire-plugin/xsd/surefire-test-report-3.0.xsd" version="3.0" name="com.curso.camel.casisistema.PruebaRutaCompletaTest" time="1.692" tests="1" errors="1" skipped="0" failures="0">
  <properties>
[...]
</properties>
  <testcase name="mandarMensajeConPersonaConDNIValido" classname="com.curso.camel.casisistema.PruebaRutaCompletaTest" time="0.005">
    <error message="Failed to resolve parameter [org.apache.camel.ProducerTemplate arg0] in constructor [public com.curso.camel.casisistema.PruebaRutaCompletaTest(org.apache.camel.ProducerTemplate,org.apache.camel.CamelContext)]: Failed to load ApplicationContext for [MergedContextConfiguration@b680059 testClass = com.curso.camel.casisistema.PruebaRutaCompletaTest, locations = [], classes = [com.curso.camel.Aplicacion], contextInitializerClasses = [], activeProfiles = [], propertySourceDescriptors = [], propertySourceProperties = [&quot;org.springframework.boot.test.context.SpringBootTestContextBootstrapper=true&quot;], contextCustomizers = [org.springframework.boot.test.context.filter.ExcludeFilterContextCustomizer@1c852c0f, org.springframework.boot.test.json.DuplicateJsonObjectContextCustomizerFactory$DuplicateJsonObjectContextCustomizer@24c4ddae, org.springframework.boot.test.mock.mockito.MockitoContextCustomizer@0, org.springframework.boot.test.web.client.TestRestTemplateContextCustomizer@2d9caaeb, org.springframework.boot.test.autoconfigure.OnFailureConditionReportContextCustomizerFactory$OnFailureConditionReportContextCustomizer@4b5189ac, org.springframework.boot.test.autoconfigure.actuate.observability.ObservabilityContextCustomizerFactory$DisableObservabilityContextCustomizer@1f, org.springframework.boot.test.autoconfigure.properties.PropertyMappingContextCustomizer@0, org.springframework.boot.test.autoconfigure.web.servlet.WebDriverContextCustomizer@6a47b187, org.springframework.test.context.support.DynamicPropertiesContextCustomizer@0, org.springframework.boot.test.context.SpringBootTestAnnotation@de360f31], contextLoader = org.springframework.boot.test.context.SpringBootContextLoader, parent = null]" type="org.junit.jupiter.api.extension.ParameterResolutionException"><![CDATA[org.junit.jupiter.api.extension.ParameterResolutionException: Failed to resolve parameter [org.apache.camel.ProducerTemplate arg0] in constructor [public com.curso.camel.casisistema.PruebaRutaCompletaTest(org.apache.camel.ProducerTemplate,org.apache.camel.CamelContext)]: Failed to load ApplicationContext for [MergedContextConfiguration@b680059 testClass = com.curso.camel.casisistema.PruebaRutaCompletaTest, locations = [], classes = [com.curso.camel.Aplicacion], contextInitializerClasses = [], activeProfiles = [], propertySourceDescriptors = [], propertySourceProperties = ["org.springframework.boot.test.context.SpringBootTestContextBootstrapper=true"], contextCustomizers = [org.springframework.boot.test.context.filter.ExcludeFilterContextCustomizer@1c852c0f, org.springframework.boot.test.json.DuplicateJsonObjectContextCustomizerFactory$DuplicateJsonObjectContextCustomizer@24c4ddae, org.springframework.boot.test.mock.mockito.MockitoContextCustomizer@0, org.springframework.boot.test.web.client.TestRestTemplateContextCustomizer@2d9caaeb, org.springframework.boot.test.autoconfigure.OnFailureConditionReportContextCustomizerFactory$OnFailureConditionReportContextCustomizer@4b5189ac, org.springframework.boot.test.autoconfigure.actuate.observability.ObservabilityContextCustomizerFactory$DisableObservabilityContextCustomizer@1f, org.springframework.boot.test.autoconfigure.properties.PropertyMappingContextCustomizer@0, org.springframework.boot.test.autoconfigure.web.servlet.WebDriverContextCustomizer@6a47b187, org.springframework.test.context.support.DynamicPropertiesContextCustomizer@0, org.springframework.boot.test.context.SpringBootTestAnnotation@de360f31], contextLoader = org.springframework.boot.test.context.SpringBootContextLoader, parent = null]
	at java.base/java.util.Optional.orElseGet(Optional.java:364)
	at java.base/java.util.ArrayList.forEach(ArrayList.java:1596)
	at java.base/java.util.ArrayList.forEach(ArrayList.java:1596)
Caused by: java.lang.IllegalStateException: Failed to load ApplicationContext for [MergedContextConfiguration@b680059 testClass = com.curso.camel.casisistema.PruebaRutaCompletaTest, locations = [], classes = [com.curso.camel.Aplicacion], contextInitializerClasses = [], activeProfiles = [], propertySourceDescriptors = [], propertySourceProperties = ["org.springframework.boot.test.context.SpringBootTestContextBootstrapper=true"], contextCustomizers = [org.springframework.boot.test.context.filter.ExcludeFilterContextCustomizer@1c852c0f, org.springframework.boot.test.json.DuplicateJsonObjectContextCustomizerFactory$DuplicateJsonObjectContextCustomizer@24c4ddae, org.springframework.boot.test.mock.mockito.MockitoContextCustomizer@0, org.springframework.boot.test.web.client.TestRestTemplateContextCustomizer@2d9caaeb, org.springframework.boot.test.autoconfigure.OnFailureConditionReportContextCustomizerFactory$OnFailureConditionReportContextCustomizer@4b5189ac, org.springframework.boot.test.autoconfigure.actuate.observability.ObservabilityContextCustomizerFactory$DisableObservabilityContextCustomizer@1f, org.springframework.boot.test.autoconfigure.properties.PropertyMappingContextCustomizer@0, org.springframework.boot.test.autoconfigure.web.servlet.WebDriverContextCustomizer@6a47b187, org.springframework.test.context.support.DynamicPropertiesContextCustomizer@0, org.springframework.boot.test.context.SpringBootTestAnnotation@de360f31], contextLoader = org.springframework.boot.test.context.SpringBootContextLoader, parent = null]
	at org.springframework.test.context.cache.DefaultCacheAwareContextLoaderDelegate.loadContext(DefaultCacheAwareContextLoaderDelegate.java:180)
	at org.springframework.test.context.support.DefaultTestContext.getApplicationContext(DefaultTestContext.java:130)
	at org.springframework.test.context.junit.jupiter.SpringExtension.getApplicationContext(SpringExtension.java:351)
	at org.springframework.test.context.junit.jupiter.SpringExtension.resolveParameter(SpringExtension.java:337)
	... 3 more
Caused by: org.springframework.beans.factory.BeanCreationException: Error creating bean with name 'ruta1BBDD2Kafka' defined in file [/Users/ivan/formacionCamel/proyectos/bueno/target/classes/com/curso/camel/route/Ruta1BBDD2Kafka.class]: Unexpected exception during bean creation
	at org.springframework.beans.factory.support.AbstractAutowireCapableBeanFactory.createBean(AbstractAutowireCapableBeanFactory.java:542)
	at org.springframework.beans.factory.support.AbstractBeanFactory.lambda$doGetBean$0(AbstractBeanFactory.java:339)
	at org.springframework.beans.factory.support.DefaultSingletonBeanRegistry.getSingleton(DefaultSingletonBeanRegistry.java:373)
	at org.springframework.beans.factory.support.AbstractBeanFactory.doGetBean(AbstractBeanFactory.java:337)
	at org.springframework.beans.factory.support.AbstractBeanFactory.getBean(AbstractBeanFactory.java:202)
	at org.springframework.beans.factory.support.DefaultListableBeanFactory.instantiateSingleton(DefaultListableBeanFactory.java:1221)
	at org.springframework.beans.factory.support.DefaultListableBeanFactory.preInstantiateSingleton(DefaultListableBeanFactory.java:1187)
	at org.springframework.beans.factory.support.DefaultListableBeanFactory.preInstantiateSingletons(DefaultListableBeanFactory.java:1123)
	at org.springframework.context.support.AbstractApplicationContext.finishBeanFactoryInitialization(AbstractApplicationContext.java:987)
	at org.springframework.context.support.AbstractApplicationContext.refresh(AbstractApplicationContext.java:627)
	at org.springframework.boot.SpringApplication.refresh(SpringApplication.java:752)
	at org.springframework.boot.SpringApplication.refreshContext(SpringApplication.java:439)
	at org.springframework.boot.SpringApplication.run(SpringApplication.java:318)
	at org.springframework.boot.test.context.SpringBootContextLoader.lambda$loadContext$3(SpringBootContextLoader.java:144)
	at org.springframework.util.function.ThrowingSupplier.get(ThrowingSupplier.java:58)
	at org.springframework.util.function.ThrowingSupplier.get(ThrowingSupplier.java:46)
	at org.springframework.boot.SpringApplication.withHook(SpringApplication.java:1461)
	at org.springframework.boot.test.context.SpringBootContextLoader$ContextLoaderHook.run(SpringBootContextLoader.java:563)
	at org.springframework.boot.test.context.SpringBootContextLoader.loadContext(SpringBootContextLoader.java:144)
	at org.springframework.boot.test.context.SpringBootContextLoader.loadContext(SpringBootContextLoader.java:110)
	at org.springframework.test.context.cache.DefaultCacheAwareContextLoaderDelegate.loadContextInternal(DefaultCacheAwareContextLoaderDelegate.java:225)
	at org.springframework.test.context.cache.DefaultCacheAwareContextLoaderDelegate.loadContext(DefaultCacheAwareContextLoaderDelegate.java:152)
	... 6 more
Caused by: org.springframework.util.PlaceholderResolutionException: Could not resolve placeholder 'ruta1.destino2' in value "${ruta1.destino2}"
	at org.springframework.util.PlaceholderResolutionException.withValue(PlaceholderResolutionException.java:81)
	at org.springframework.util.PlaceholderParser$ParsedValue.resolve(PlaceholderParser.java:423)
	at org.springframework.util.PlaceholderParser.replacePlaceholders(PlaceholderParser.java:128)
	at org.springframework.util.PropertyPlaceholderHelper.parseStringValue(PropertyPlaceholderHelper.java:118)
	at org.springframework.util.PropertyPlaceholderHelper.replacePlaceholders(PropertyPlaceholderHelper.java:114)
	at org.springframework.core.env.AbstractPropertyResolver.doResolvePlaceholders(AbstractPropertyResolver.java:293)
	at org.springframework.core.env.AbstractPropertyResolver.resolveRequiredPlaceholders(AbstractPropertyResolver.java:264)
	at org.springframework.context.support.PropertySourcesPlaceholderConfigurer.lambda$processProperties$0(PropertySourcesPlaceholderConfigurer.java:186)
	at org.springframework.beans.factory.support.AbstractBeanFactory.resolveEmbeddedValue(AbstractBeanFactory.java:970)
	at org.springframework.beans.factory.support.DefaultListableBeanFactory.doResolveDependency(DefaultListableBeanFactory.java:1665)
	at org.springframework.beans.factory.support.DefaultListableBeanFactory.resolveDependency(DefaultListableBeanFactory.java:1643)
	at org.springframework.beans.factory.support.ConstructorResolver.resolveAutowiredArgument(ConstructorResolver.java:913)
	at org.springframework.beans.factory.support.ConstructorResolver.createArgumentArray(ConstructorResolver.java:791)
	at org.springframework.beans.factory.support.ConstructorResolver.autowireConstructor(ConstructorResolver.java:240)
	at org.springframework.beans.factory.support.AbstractAutowireCapableBeanFactory.autowireConstructor(AbstractAutowireCapableBeanFactory.java:1395)
	at org.springframework.beans.factory.support.AbstractAutowireCapableBeanFactory.createBeanInstance(AbstractAutowireCapableBeanFactory.java:1232)
	at org.springframework.beans.factory.support.AbstractAutowireCapableBeanFactory.doCreateBean(AbstractAutowireCapableBeanFactory.java:569)
	at org.springframework.beans.factory.support.AbstractAutowireCapableBeanFactory.createBean(AbstractAutowireCapableBeanFactory.java:529)
	... 27 more
]]></error>
    <system-out><![CDATA[
  .   ____          _            __ _ _
 /\\ / ___'_ __ _ _(_)_ __  __ _ \ \ \ \
( ( )\___ | '_ | '_| | '_ \/ _` | \ \ \ \
 \\/  ___)| |_)| | | | | || (_| |  ) ) ) )
  '  |____| .__|_| |_|_| |_\__, | / / / /
 =========|_|==============|___/=/_/_/_/

 :: Spring Boot ::                (v3.5.6)

2025-10-10T14:43:50.694+02:00  INFO 97483 --- [           main] c.c.c.c.PruebaRutaCompletaTest           : Starting PruebaRutaCompletaTest using Java 21.0.8 with PID 97483 (started by ivan in /Users/ivan/formacionCamel/proyectos/bueno)
2025-10-10T14:43:50.694+02:00  INFO 97483 --- [           main] c.c.c.c.PruebaRutaCompletaTest           : No active profile set, falling back to 1 default profile: "default"
2025-10-10T14:43:51.093+02:00  INFO 97483 --- [           main] .s.d.r.c.RepositoryConfigurationDelegate : Bootstrapping Spring Data JPA repositories in DEFAULT mode.
2025-10-10T14:43:51.107+02:00  INFO 97483 --- [           main] .s.d.r.c.RepositoryConfigurationDelegate : Finished Spring Data repository scanning in 13 ms. Found 0 JPA repository interfaces.
2025-10-10T14:43:51.299+02:00  INFO 97483 --- [           main] com.zaxxer.hikari.HikariDataSource       : HikariPool-3 - Starting...
2025-10-10T14:43:51.302+02:00  INFO 97483 --- [           main] com.zaxxer.hikari.pool.HikariPool        : HikariPool-3 - Added connection conn20: url=jdbc:h2:mem:18a334ca-25f0-413c-8058-bbb7916154f0 user=SA
2025-10-10T14:43:51.302+02:00  INFO 97483 --- [           main] com.zaxxer.hikari.HikariDataSource       : HikariPool-3 - Start completed.
2025-10-10T14:43:51.338+02:00  INFO 97483 --- [           main] o.hibernate.jpa.internal.util.LogHelper  : HHH000204: Processing PersistenceUnitInfo [name: default]
2025-10-10T14:43:51.346+02:00  INFO 97483 --- [           main] o.h.c.internal.RegionFactoryInitiator    : HHH000026: Second-level cache disabled
2025-10-10T14:43:51.362+02:00  INFO 97483 --- [           main] o.s.o.j.p.SpringPersistenceUnitInfo      : No LoadTimeWeaver setup: ignoring JPA class transformer
2025-10-10T14:43:51.365+02:00  INFO 97483 --- [           main] org.hibernate.orm.connections.pooling    : HHH10001005: Database info:
	Database JDBC URL [Connecting through datasource 'HikariDataSource (HikariPool-3)']
	Database driver: undefined/unknown
	Database version: 2.3.232
	Autocommit mode: undefined/unknown
	Isolation level: undefined/unknown
	Minimum pool size: undefined/unknown
	Maximum pool size: undefined/unknown
2025-10-10T14:43:52.023+02:00  INFO 97483 --- [           main] o.h.e.t.j.p.i.JtaPlatformInitiator       : HHH000489: No JTA platform available (set 'hibernate.transaction.jta.platform' to enable JTA platform integration)
2025-10-10T14:43:52.104+02:00  INFO 97483 --- [           main] j.LocalContainerEntityManagerFactoryBean : Initialized JPA EntityManagerFactory for persistence unit 'default'
2025-10-10T14:43:52.134+02:00  WARN 97483 --- [           main] s.c.a.AnnotationConfigApplicationContext : Exception encountered during context initialization - cancelling refresh attempt: org.springframework.beans.factory.BeanCreationException: Error creating bean with name 'ruta1BBDD2Kafka' defined in file [/Users/ivan/formacionCamel/proyectos/bueno/target/classes/com/curso/camel/route/Ruta1BBDD2Kafka.class]: Unexpected exception during bean creation
2025-10-10T14:43:52.134+02:00  INFO 97483 --- [           main] j.LocalContainerEntityManagerFactoryBean : Closing JPA EntityManagerFactory for persistence unit 'default'
2025-10-10T14:43:52.146+02:00  INFO 97483 --- [           main] com.zaxxer.hikari.HikariDataSource       : HikariPool-3 - Shutdown initiated...
2025-10-10T14:43:52.150+02:00  INFO 97483 --- [           main] com.zaxxer.hikari.HikariDataSource       : HikariPool-3 - Shutdown completed.
2025-10-10T14:43:52.202+02:00  INFO 97483 --- [           main] .s.b.a.l.ConditionEvaluationReportLogger : 

Error starting ApplicationContext. To display the condition evaluation report re-run your application with 'debug' enabled.
2025-10-10T14:43:52.280+02:00 ERROR 97483 --- [           main] o.s.boot.SpringApplication               : Application run failed

org.springframework.beans.factory.BeanCreationException: Error creating bean with name 'ruta1BBDD2Kafka' defined in file [/Users/ivan/formacionCamel/proyectos/bueno/target/classes/com/curso/camel/route/Ruta1BBDD2Kafka.class]: Unexpected exception during bean creation
	at org.springframework.beans.factory.support.AbstractAutowireCapableBeanFactory.createBean(AbstractAutowireCapableBeanFactory.java:542) ~[spring-beans-6.2.11.jar:6.2.11]
	at org.springframework.beans.factory.support.AbstractBeanFactory.lambda$doGetBean$0(AbstractBeanFactory.java:339) ~[spring-beans-6.2.11.jar:6.2.11]
	at org.springframework.beans.factory.support.DefaultSingletonBeanRegistry.getSingleton(DefaultSingletonBeanRegistry.java:373) ~[spring-beans-6.2.11.jar:6.2.11]
	at org.springframework.beans.factory.support.AbstractBeanFactory.doGetBean(AbstractBeanFactory.java:337) ~[spring-beans-6.2.11.jar:6.2.11]
	at org.springframework.beans.factory.support.AbstractBeanFactory.getBean(AbstractBeanFactory.java:202) ~[spring-beans-6.2.11.jar:6.2.11]
	at org.springframework.beans.factory.support.DefaultListableBeanFactory.instantiateSingleton(DefaultListableBeanFactory.java:1221) ~[spring-beans-6.2.11.jar:6.2.11]
	at org.springframework.beans.factory.support.DefaultListableBeanFactory.preInstantiateSingleton(DefaultListableBeanFactory.java:1187) ~[spring-beans-6.2.11.jar:6.2.11]
	at org.springframework.beans.factory.support.DefaultListableBeanFactory.preInstantiateSingletons(DefaultListableBeanFactory.java:1123) ~[spring-beans-6.2.11.jar:6.2.11]
	at org.springframework.context.support.AbstractApplicationContext.finishBeanFactoryInitialization(AbstractApplicationContext.java:987) ~[spring-context-6.2.11.jar:6.2.11]
	at org.springframework.context.support.AbstractApplicationContext.refresh(AbstractApplicationContext.java:627) ~[spring-context-6.2.11.jar:6.2.11]
	at org.springframework.boot.SpringApplication.refresh(SpringApplication.java:752) ~[spring-boot-3.5.6.jar:3.5.6]
	at org.springframework.boot.SpringApplication.refreshContext(SpringApplication.java:439) ~[spring-boot-3.5.6.jar:3.5.6]
	at org.springframework.boot.SpringApplication.run(SpringApplication.java:318) ~[spring-boot-3.5.6.jar:3.5.6]
	at org.springframework.boot.test.context.SpringBootContextLoader.lambda$loadContext$3(SpringBootContextLoader.java:144) ~[spring-boot-test-3.5.6.jar:3.5.6]
	at org.springframework.util.function.ThrowingSupplier.get(ThrowingSupplier.java:58) ~[spring-core-6.2.11.jar:6.2.11]
	at org.springframework.util.function.ThrowingSupplier.get(ThrowingSupplier.java:46) ~[spring-core-6.2.11.jar:6.2.11]
	at org.springframework.boot.SpringApplication.withHook(SpringApplication.java:1461) ~[spring-boot-3.5.6.jar:3.5.6]
	at org.springframework.boot.test.context.SpringBootContextLoader$ContextLoaderHook.run(SpringBootContextLoader.java:563) ~[spring-boot-test-3.5.6.jar:3.5.6]
	at org.springframework.boot.test.context.SpringBootContextLoader.loadContext(SpringBootContextLoader.java:144) ~[spring-boot-test-3.5.6.jar:3.5.6]
	at org.springframework.boot.test.context.SpringBootContextLoader.loadContext(SpringBootContextLoader.java:110) ~[spring-boot-test-3.5.6.jar:3.5.6]
	at org.springframework.test.context.cache.DefaultCacheAwareContextLoaderDelegate.loadContextInternal(DefaultCacheAwareContextLoaderDelegate.java:225) ~[spring-test-6.2.11.jar:6.2.11]
	at org.springframework.test.context.cache.DefaultCacheAwareContextLoaderDelegate.loadContext(DefaultCacheAwareContextLoaderDelegate.java:152) ~[spring-test-6.2.11.jar:6.2.11]
	at org.springframework.test.context.support.DefaultTestContext.getApplicationContext(DefaultTestContext.java:130) ~[spring-test-6.2.11.jar:6.2.11]
	at org.springframework.test.context.junit.jupiter.SpringExtension.getApplicationContext(SpringExtension.java:351) ~[spring-test-6.2.11.jar:6.2.11]
	at org.springframework.test.context.junit.jupiter.SpringExtension.resolveParameter(SpringExtension.java:337) ~[spring-test-6.2.11.jar:6.2.11]
	at org.junit.jupiter.engine.execution.ParameterResolutionUtils.resolveParameter(ParameterResolutionUtils.java:142) ~[junit-jupiter-engine-5.12.2.jar:5.12.2]
	at org.junit.jupiter.engine.execution.ParameterResolutionUtils.resolveParameters(ParameterResolutionUtils.java:109) ~[junit-jupiter-engine-5.12.2.jar:5.12.2]
	at org.junit.jupiter.engine.execution.InterceptingExecutableInvoker.invoke(InterceptingExecutableInvoker.java:60) ~[junit-jupiter-engine-5.12.2.jar:5.12.2]
	at org.junit.jupiter.engine.descriptor.ClassBasedTestDescriptor.invokeTestClassConstructor(ClassBasedTestDescriptor.java:369) ~[junit-jupiter-engine-5.12.2.jar:5.12.2]
	at org.junit.jupiter.engine.descriptor.ClassBasedTestDescriptor.instantiateTestClass(ClassBasedTestDescriptor.java:314) ~[junit-jupiter-engine-5.12.2.jar:5.12.2]
	at org.junit.jupiter.engine.descriptor.ClassTestDescriptor.instantiateTestClass(ClassTestDescriptor.java:79) ~[junit-jupiter-engine-5.12.2.jar:5.12.2]
	at org.junit.jupiter.engine.descriptor.ClassBasedTestDescriptor.instantiateAndPostProcessTestInstance(ClassBasedTestDescriptor.java:291) ~[junit-jupiter-engine-5.12.2.jar:5.12.2]
	at org.junit.jupiter.engine.descriptor.ClassBasedTestDescriptor.lambda$testInstancesProvider$4(ClassBasedTestDescriptor.java:281) ~[junit-jupiter-engine-5.12.2.jar:5.12.2]
	at java.base/java.util.Optional.orElseGet(Optional.java:364) ~[na:na]
	at org.junit.jupiter.engine.descriptor.ClassBasedTestDescriptor.lambda$testInstancesProvider$5(ClassBasedTestDescriptor.java:280) ~[junit-jupiter-engine-5.12.2.jar:5.12.2]
	at org.junit.jupiter.engine.execution.TestInstancesProvider.getTestInstances(TestInstancesProvider.java:27) ~[junit-jupiter-engine-5.12.2.jar:5.12.2]
	at org.junit.jupiter.engine.descriptor.TestMethodTestDescriptor.lambda$prepare$0(TestMethodTestDescriptor.java:112) ~[junit-jupiter-engine-5.12.2.jar:5.12.2]
	at org.junit.platform.engine.support.hierarchical.ThrowableCollector.execute(ThrowableCollector.java:73) ~[junit-platform-engine-1.12.2.jar:1.12.2]
	at org.junit.jupiter.engine.descriptor.TestMethodTestDescriptor.prepare(TestMethodTestDescriptor.java:111) ~[junit-jupiter-engine-5.12.2.jar:5.12.2]
	at org.junit.jupiter.engine.descriptor.TestMethodTestDescriptor.prepare(TestMethodTestDescriptor.java:69) ~[junit-jupiter-engine-5.12.2.jar:5.12.2]
	at org.junit.platform.engine.support.hierarchical.NodeTestTask.lambda$prepare$2(NodeTestTask.java:128) ~[junit-platform-engine-1.12.2.jar:1.12.2]
	at org.junit.platform.engine.support.hierarchical.ThrowableCollector.execute(ThrowableCollector.java:73) ~[junit-platform-engine-1.12.2.jar:1.12.2]
	at org.junit.platform.engine.support.hierarchical.NodeTestTask.prepare(NodeTestTask.java:128) ~[junit-platform-engine-1.12.2.jar:1.12.2]
	at org.junit.platform.engine.support.hierarchical.NodeTestTask.execute(NodeTestTask.java:95) ~[junit-platform-engine-1.12.2.jar:1.12.2]
	at java.base/java.util.ArrayList.forEach(ArrayList.java:1596) ~[na:na]
	at org.junit.platform.engine.support.hierarchical.SameThreadHierarchicalTestExecutorService.invokeAll(SameThreadHierarchicalTestExecutorService.java:41) ~[junit-platform-engine-1.12.2.jar:1.12.2]
	at org.junit.platform.engine.support.hierarchical.NodeTestTask.lambda$executeRecursively$6(NodeTestTask.java:160) ~[junit-platform-engine-1.12.2.jar:1.12.2]
	at org.junit.platform.engine.support.hierarchical.ThrowableCollector.execute(ThrowableCollector.java:73) ~[junit-platform-engine-1.12.2.jar:1.12.2]
	at org.junit.platform.engine.support.hierarchical.NodeTestTask.lambda$executeRecursively$8(NodeTestTask.java:146) ~[junit-platform-engine-1.12.2.jar:1.12.2]
	at org.junit.platform.engine.support.hierarchical.Node.around(Node.java:137) ~[junit-platform-engine-1.12.2.jar:1.12.2]
	at org.junit.platform.engine.support.hierarchical.NodeTestTask.lambda$executeRecursively$9(NodeTestTask.java:144) ~[junit-platform-engine-1.12.2.jar:1.12.2]
	at org.junit.platform.engine.support.hierarchical.ThrowableCollector.execute(ThrowableCollector.java:73) ~[junit-platform-engine-1.12.2.jar:1.12.2]
	at org.junit.platform.engine.support.hierarchical.NodeTestTask.executeRecursively(NodeTestTask.java:143) ~[junit-platform-engine-1.12.2.jar:1.12.2]
	at org.junit.platform.engine.support.hierarchical.NodeTestTask.execute(NodeTestTask.java:100) ~[junit-platform-engine-1.12.2.jar:1.12.2]
	at java.base/java.util.ArrayList.forEach(ArrayList.java:1596) ~[na:na]
	at org.junit.platform.engine.support.hierarchical.SameThreadHierarchicalTestExecutorService.invokeAll(SameThreadHierarchicalTestExecutorService.java:41) ~[junit-platform-engine-1.12.2.jar:1.12.2]
	at org.junit.platform.engine.support.hierarchical.NodeTestTask.lambda$executeRecursively$6(NodeTestTask.java:160) ~[junit-platform-engine-1.12.2.jar:1.12.2]
	at org.junit.platform.engine.support.hierarchical.ThrowableCollector.execute(ThrowableCollector.java:73) ~[junit-platform-engine-1.12.2.jar:1.12.2]
	at org.junit.platform.engine.support.hierarchical.NodeTestTask.lambda$executeRecursively$8(NodeTestTask.java:146) ~[junit-platform-engine-1.12.2.jar:1.12.2]
	at org.junit.platform.engine.support.hierarchical.Node.around(Node.java:137) ~[junit-platform-engine-1.12.2.jar:1.12.2]
	at org.junit.platform.engine.support.hierarchical.NodeTestTask.lambda$executeRecursively$9(NodeTestTask.java:144) ~[junit-platform-engine-1.12.2.jar:1.12.2]
	at org.junit.platform.engine.support.hierarchical.ThrowableCollector.execute(ThrowableCollector.java:73) ~[junit-platform-engine-1.12.2.jar:1.12.2]
	at org.junit.platform.engine.support.hierarchical.NodeTestTask.executeRecursively(NodeTestTask.java:143) ~[junit-platform-engine-1.12.2.jar:1.12.2]
	at org.junit.platform.engine.support.hierarchical.NodeTestTask.execute(NodeTestTask.java:100) ~[junit-platform-engine-1.12.2.jar:1.12.2]
	at org.junit.platform.engine.support.hierarchical.SameThreadHierarchicalTestExecutorService.submit(SameThreadHierarchicalTestExecutorService.java:35) ~[junit-platform-engine-1.12.2.jar:1.12.2]
	at org.junit.platform.engine.support.hierarchical.HierarchicalTestExecutor.execute(HierarchicalTestExecutor.java:57) ~[junit-platform-engine-1.12.2.jar:1.12.2]
	at org.junit.platform.engine.support.hierarchical.HierarchicalTestEngine.execute(HierarchicalTestEngine.java:54) ~[junit-platform-engine-1.12.2.jar:1.12.2]
	at org.junit.platform.launcher.core.EngineExecutionOrchestrator.execute(EngineExecutionOrchestrator.java:201) ~[junit-platform-launcher-1.12.2.jar:1.12.2]
	at org.junit.platform.launcher.core.EngineExecutionOrchestrator.execute(EngineExecutionOrchestrator.java:170) ~[junit-platform-launcher-1.12.2.jar:1.12.2]
	at org.junit.platform.launcher.core.EngineExecutionOrchestrator.execute(EngineExecutionOrchestrator.java:94) ~[junit-platform-launcher-1.12.2.jar:1.12.2]
	at org.junit.platform.launcher.core.EngineExecutionOrchestrator.lambda$execute$0(EngineExecutionOrchestrator.java:59) ~[junit-platform-launcher-1.12.2.jar:1.12.2]
	at org.junit.platform.launcher.core.EngineExecutionOrchestrator.withInterceptedStreams(EngineExecutionOrchestrator.java:142) ~[junit-platform-launcher-1.12.2.jar:1.12.2]
	at org.junit.platform.launcher.core.EngineExecutionOrchestrator.execute(EngineExecutionOrchestrator.java:58) ~[junit-platform-launcher-1.12.2.jar:1.12.2]
	at org.junit.platform.launcher.core.DefaultLauncher.execute(DefaultLauncher.java:103) ~[junit-platform-launcher-1.12.2.jar:1.12.2]
	at org.junit.platform.launcher.core.DefaultLauncher.execute(DefaultLauncher.java:85) ~[junit-platform-launcher-1.12.2.jar:1.12.2]
	at org.junit.platform.launcher.core.DelegatingLauncher.execute(DelegatingLauncher.java:47) ~[junit-platform-launcher-1.12.2.jar:1.12.2]
	at org.junit.platform.launcher.core.InterceptingLauncher.lambda$execute$1(InterceptingLauncher.java:39) ~[junit-platform-launcher-1.12.2.jar:1.12.2]
	at org.junit.platform.launcher.core.ClasspathAlignmentCheckingLauncherInterceptor.intercept(ClasspathAlignmentCheckingLauncherInterceptor.java:25) ~[junit-platform-launcher-1.12.2.jar:1.12.2]
	at org.junit.platform.launcher.core.InterceptingLauncher.execute(InterceptingLauncher.java:38) ~[junit-platform-launcher-1.12.2.jar:1.12.2]
	at org.junit.platform.launcher.core.DelegatingLauncher.execute(DelegatingLauncher.java:47) ~[junit-platform-launcher-1.12.2.jar:1.12.2]
	at org.apache.maven.surefire.junitplatform.LazyLauncher.execute(LazyLauncher.java:56) ~[surefire-junit-platform-3.2.5.jar:3.2.5]
	at org.apache.maven.surefire.junitplatform.JUnitPlatformProvider.execute(JUnitPlatformProvider.java:184) ~[surefire-junit-platform-3.2.5.jar:3.2.5]
	at org.apache.maven.surefire.junitplatform.JUnitPlatformProvider.invokeAllTests(JUnitPlatformProvider.java:148) ~[surefire-junit-platform-3.2.5.jar:3.2.5]
	at org.apache.maven.surefire.junitplatform.JUnitPlatformProvider.invoke(JUnitPlatformProvider.java:122) ~[surefire-junit-platform-3.2.5.jar:3.2.5]
	at org.apache.maven.surefire.booter.ForkedBooter.runSuitesInProcess(ForkedBooter.java:385) ~[surefire-booter-3.2.5.jar:3.2.5]
	at org.apache.maven.surefire.booter.ForkedBooter.execute(ForkedBooter.java:162) ~[surefire-booter-3.2.5.jar:3.2.5]
	at org.apache.maven.surefire.booter.ForkedBooter.run(ForkedBooter.java:507) ~[surefire-booter-3.2.5.jar:3.2.5]
	at org.apache.maven.surefire.booter.ForkedBooter.main(ForkedBooter.java:495) ~[surefire-booter-3.2.5.jar:3.2.5]
Caused by: org.springframework.util.PlaceholderResolutionException: Could not resolve placeholder 'ruta1.destino2' in value "${ruta1.destino2}"
	at org.springframework.util.PlaceholderResolutionException.withValue(PlaceholderResolutionException.java:81) ~[spring-core-6.2.11.jar:6.2.11]
	at org.springframework.util.PlaceholderParser$ParsedValue.resolve(PlaceholderParser.java:423) ~[spring-core-6.2.11.jar:6.2.11]
	at org.springframework.util.PlaceholderParser.replacePlaceholders(PlaceholderParser.java:128) ~[spring-core-6.2.11.jar:6.2.11]
	at org.springframework.util.PropertyPlaceholderHelper.parseStringValue(PropertyPlaceholderHelper.java:118) ~[spring-core-6.2.11.jar:6.2.11]
	at org.springframework.util.PropertyPlaceholderHelper.replacePlaceholders(PropertyPlaceholderHelper.java:114) ~[spring-core-6.2.11.jar:6.2.11]
	at org.springframework.core.env.AbstractPropertyResolver.doResolvePlaceholders(AbstractPropertyResolver.java:293) ~[spring-core-6.2.11.jar:6.2.11]
	at org.springframework.core.env.AbstractPropertyResolver.resolveRequiredPlaceholders(AbstractPropertyResolver.java:264) ~[spring-core-6.2.11.jar:6.2.11]
	at org.springframework.context.support.PropertySourcesPlaceholderConfigurer.lambda$processProperties$0(PropertySourcesPlaceholderConfigurer.java:186) ~[spring-context-6.2.11.jar:6.2.11]
	at org.springframework.beans.factory.support.AbstractBeanFactory.resolveEmbeddedValue(AbstractBeanFactory.java:970) ~[spring-beans-6.2.11.jar:6.2.11]
	at org.springframework.beans.factory.support.DefaultListableBeanFactory.doResolveDependency(DefaultListableBeanFactory.java:1665) ~[spring-beans-6.2.11.jar:6.2.11]
	at org.springframework.beans.factory.support.DefaultListableBeanFactory.resolveDependency(DefaultListableBeanFactory.java:1643) ~[spring-beans-6.2.11.jar:6.2.11]
	at org.springframework.beans.factory.support.ConstructorResolver.resolveAutowiredArgument(ConstructorResolver.java:913) ~[spring-beans-6.2.11.jar:6.2.11]
	at org.springframework.beans.factory.support.ConstructorResolver.createArgumentArray(ConstructorResolver.java:791) ~[spring-beans-6.2.11.jar:6.2.11]
	at org.springframework.beans.factory.support.ConstructorResolver.autowireConstructor(ConstructorResolver.java:240) ~[spring-beans-6.2.11.jar:6.2.11]
	at org.springframework.beans.factory.support.AbstractAutowireCapableBeanFactory.autowireConstructor(AbstractAutowireCapableBeanFactory.java:1395) ~[spring-beans-6.2.11.jar:6.2.11]
	at org.springframework.beans.factory.support.AbstractAutowireCapableBeanFactory.createBeanInstance(AbstractAutowireCapableBeanFactory.java:1232) ~[spring-beans-6.2.11.jar:6.2.11]
	at org.springframework.beans.factory.support.AbstractAutowireCapableBeanFactory.doCreateBean(AbstractAutowireCapableBeanFactory.java:569) ~[spring-beans-6.2.11.jar:6.2.11]
	at org.springframework.beans.factory.support.AbstractAutowireCapableBeanFactory.createBean(AbstractAutowireCapableBeanFactory.java:529) ~[spring-beans-6.2.11.jar:6.2.11]
	... 87 common frames omitted

]]></system-out>
    <system-err><![CDATA[


============================
CONDITIONS EVALUATION REPORT
============================


Positive matches:
-----------------

   AopAutoConfiguration matched:
      - @ConditionalOnBooleanProperty (spring.aop.auto=true) matched (OnPropertyCondition)

   AopAutoConfiguration.AspectJAutoProxyingConfiguration matched:
      - @ConditionalOnClass found required class 'org.aspectj.weaver.Advice' (OnClassCondition)

   AopAutoConfiguration.AspectJAutoProxyingConfiguration.CglibAutoProxyConfiguration matched:
      - @ConditionalOnBooleanProperty (spring.aop.proxy-target-class=true) matched (OnPropertyCondition)

   ApplicationAvailabilityAutoConfiguration#applicationAvailability matched:
      - @ConditionalOnMissingBean (types: org.springframework.boot.availability.ApplicationAvailability; SearchStrategy: all) did not find any beans (OnBeanCondition)

   AwsVaultAutoConfiguration matched:
      - @ConditionalOnBean (types: org.apache.camel.spring.boot.CamelAutoConfiguration; SearchStrategy: all) found bean 'org.apache.camel.spring.boot.CamelAutoConfiguration' (OnBeanCondition)

   AzureVaultAutoConfiguration matched:
      - @ConditionalOnBean (types: org.apache.camel.spring.boot.CamelAutoConfiguration; SearchStrategy: all) found bean 'org.apache.camel.spring.boot.CamelAutoConfiguration' (OnBeanCondition)

   BeanComponentAutoConfiguration matched:
      - camel.component enabled (OnHierarchicalPropertiesCondition)
      - AllNestedConditions 2 matched 0 did not; NestedCondition on ConditionalOnCamelContextAndAutoConfigurationBeans.OnCamelAutoConfiguration @ConditionalOnBean (types: org.apache.camel.spring.boot.CamelAutoConfiguration; SearchStrategy: all) found bean 'org.apache.camel.spring.boot.CamelAutoConfiguration'; NestedCondition on ConditionalOnCamelContextAndAutoConfigurationBeans.OnCamelContext @ConditionalOnBean (types: org.apache.camel.CamelContext; SearchStrategy: all) found bean 'camelContext' (ConditionalOnCamelContextAndAutoConfigurationBeans)

   BeanLanguageAutoConfiguration matched:
      - camel.language enabled (OnHierarchicalPropertiesCondition)
      - AllNestedConditions 2 matched 0 did not; NestedCondition on ConditionalOnCamelContextAndAutoConfigurationBeans.OnCamelAutoConfiguration @ConditionalOnBean (types: org.apache.camel.spring.boot.CamelAutoConfiguration; SearchStrategy: all) found bean 'org.apache.camel.spring.boot.CamelAutoConfiguration'; NestedCondition on ConditionalOnCamelContextAndAutoConfigurationBeans.OnCamelContext @ConditionalOnBean (types: org.apache.camel.CamelContext; SearchStrategy: all) found bean 'camelContext' (ConditionalOnCamelContextAndAutoConfigurationBeans)

   BrowseComponentAutoConfiguration matched:
      - camel.component enabled (OnHierarchicalPropertiesCondition)
      - AllNestedConditions 2 matched 0 did not; NestedCondition on ConditionalOnCamelContextAndAutoConfigurationBeans.OnCamelAutoConfiguration @ConditionalOnBean (types: org.apache.camel.spring.boot.CamelAutoConfiguration; SearchStrategy: all) found bean 'org.apache.camel.spring.boot.CamelAutoConfiguration'; NestedCondition on ConditionalOnCamelContextAndAutoConfigurationBeans.OnCamelContext @ConditionalOnBean (types: org.apache.camel.CamelContext; SearchStrategy: all) found bean 'camelContext' (ConditionalOnCamelContextAndAutoConfigurationBeans)

   CSimpleLanguageAutoConfiguration matched:
      - camel.language enabled (OnHierarchicalPropertiesCondition)
      - AllNestedConditions 2 matched 0 did not; NestedCondition on ConditionalOnCamelContextAndAutoConfigurationBeans.OnCamelAutoConfiguration @ConditionalOnBean (types: org.apache.camel.spring.boot.CamelAutoConfiguration; SearchStrategy: all) found bean 'org.apache.camel.spring.boot.CamelAutoConfiguration'; NestedCondition on ConditionalOnCamelContextAndAutoConfigurationBeans.OnCamelContext @ConditionalOnBean (types: org.apache.camel.CamelContext; SearchStrategy: all) found bean 'camelContext' (ConditionalOnCamelContextAndAutoConfigurationBeans)

   CamelAutoConfiguration#camelContext matched:
      - @ConditionalOnMissingBean (types: org.apache.camel.CamelContext; SearchStrategy: all) did not find any beans (OnBeanCondition)

   CamelAutoConfiguration#consumerTemplate matched:
      - @ConditionalOnMissingBean (types: org.apache.camel.ConsumerTemplate; SearchStrategy: all) did not find any beans (OnBeanCondition)

   CamelAutoConfiguration#fluentProducerTemplate matched:
      - @ConditionalOnMissingBean (types: org.apache.camel.FluentProducerTemplate; SearchStrategy: all) did not find any beans (OnBeanCondition)

   CamelAutoConfiguration#producerTemplate matched:
      - @ConditionalOnMissingBean (types: org.apache.camel.ProducerTemplate; SearchStrategy: all) did not find any beans (OnBeanCondition)

   CamelAutoConfiguration#propertiesParser matched:
      - @ConditionalOnMissingBean (types: org.apache.camel.component.properties.PropertiesParser; SearchStrategy: all) did not find any beans (OnBeanCondition)

   CamelAutoConfiguration#routesCollector matched:
      - @ConditionalOnMissingClass did not find unwanted class 'org.apache.camel.spring.boot.endpointdsl.EndpointDslRouteCollector' (OnClassCondition)
      - @ConditionalOnMissingBean (types: org.apache.camel.main.RoutesCollector; SearchStrategy: all) did not find any beans (OnBeanCondition)

   CamelAutoConfiguration#routesCollectorListener matched:
      - @ConditionalOnMissingBean (types: org.apache.camel.spring.boot.CamelSpringBootApplicationListener; SearchStrategy: all) did not find any beans (OnBeanCondition)

   CamelCloudAutoConfiguration matched:
      - @ConditionalOnProperty (camel.cloud.enabled) matched (OnPropertyCondition)
      - @ConditionalOnBean (types: org.apache.camel.spring.boot.CamelAutoConfiguration; SearchStrategy: all) found bean 'org.apache.camel.spring.boot.CamelAutoConfiguration' (OnBeanCondition)

   CamelCloudServiceCallConfigurationAutoConfiguration matched:
      - camel.cloud.service-call enabled (CamelCloudServiceCallConfigurationAutoConfiguration.ServiceCallCondition)
      - @ConditionalOnBean (types: org.apache.camel.spring.boot.cloud.CamelCloudAutoConfiguration,org.apache.camel.CamelContext; SearchStrategy: all) found beans 'org.apache.camel.spring.boot.cloud.CamelCloudAutoConfiguration', 'camelContext' (OnBeanCondition)

   CamelCloudServiceCallConfigurationAutoConfiguration#serviceCallConfiguration matched:
      - @ConditionalOnMissingBean (names: service-call-configuration; SearchStrategy: all) did not find any beans (OnBeanCondition)

   CamelCloudServiceChooserAutoConfiguration matched:
      - camel.cloud.service-chooser enabled (CamelCloudServiceChooserAutoConfiguration.ServiceChooserCondition)
      - @ConditionalOnBean (types: org.apache.camel.spring.boot.cloud.CamelCloudAutoConfiguration; SearchStrategy: all) found bean 'org.apache.camel.spring.boot.cloud.CamelCloudAutoConfiguration' (OnBeanCondition)

   CamelCloudServiceDiscoveryAutoConfiguration matched:
      - camel.cloud.service-discovery enabled (CamelCloudServiceDiscoveryAutoConfiguration.Condition)
      - @ConditionalOnBean (types: org.apache.camel.spring.boot.cloud.CamelCloudAutoConfiguration; SearchStrategy: all) found bean 'org.apache.camel.spring.boot.cloud.CamelCloudAutoConfiguration' (OnBeanCondition)

   CamelCloudServiceFilterAutoConfiguration matched:
      - camel.cloud.service-filter enabled (CamelCloudServiceFilterAutoConfiguration.Condition)
      - @ConditionalOnBean (types: org.apache.camel.spring.boot.cloud.CamelCloudAutoConfiguration; SearchStrategy: all) found bean 'org.apache.camel.spring.boot.cloud.CamelCloudAutoConfiguration' (OnBeanCondition)

   CamelRouteControllerEndpointAutoConfiguration matched:
      - @ConditionalOnBean (types: org.apache.camel.spring.boot.CamelAutoConfiguration; SearchStrategy: all) found bean 'org.apache.camel.spring.boot.CamelAutoConfiguration' (OnBeanCondition)

   CamelRouteControllerEndpointAutoConfiguration#routeControllerEndpoint matched:
      - @ConditionalOnClass found required class 'org.apache.camel.CamelContext' (OnClassCondition)
      - @ConditionalOnMissingBean (types: org.apache.camel.spring.boot.actuate.endpoint.CamelRouteControllerEndpoint; SearchStrategy: all) did not find any beans (OnBeanCondition)

   CamelRouteTemplateAutoConfiguration matched:
      - @ConditionalOnBean (types: org.apache.camel.spring.boot.CamelAutoConfiguration; SearchStrategy: all) found bean 'org.apache.camel.spring.boot.CamelAutoConfiguration' (OnBeanCondition)

   CamelRoutesEndpointAutoConfiguration matched:
      - @ConditionalOnBean (types: org.apache.camel.spring.boot.CamelAutoConfiguration; SearchStrategy: all) found bean 'org.apache.camel.spring.boot.CamelAutoConfiguration' (OnBeanCondition)

   CamelRoutesEndpointAutoConfiguration#camelEndpoint matched:
      - @ConditionalOnClass found required class 'org.apache.camel.CamelContext' (OnClassCondition)
      - @ConditionalOnMissingBean (types: org.apache.camel.spring.boot.actuate.endpoint.CamelRoutesEndpoint; SearchStrategy: all) did not find any beans (OnBeanCondition)

   CamelThreadPoolAutoConfiguration matched:
      - @ConditionalOnBean (types: org.apache.camel.spring.boot.CamelAutoConfiguration; SearchStrategy: all) found bean 'org.apache.camel.spring.boot.CamelAutoConfiguration' (OnBeanCondition)

   CamelTraceAutoConfiguration matched:
      - @ConditionalOnBean (types: org.apache.camel.spring.boot.CamelAutoConfiguration; SearchStrategy: all) found bean 'org.apache.camel.spring.boot.CamelAutoConfiguration' (OnBeanCondition)

   ClassComponentAutoConfiguration matched:
      - camel.component enabled (OnHierarchicalPropertiesCondition)
      - AllNestedConditions 2 matched 0 did not; NestedCondition on ConditionalOnCamelContextAndAutoConfigurationBeans.OnCamelAutoConfiguration @ConditionalOnBean (types: org.apache.camel.spring.boot.CamelAutoConfiguration; SearchStrategy: all) found bean 'org.apache.camel.spring.boot.CamelAutoConfiguration'; NestedCondition on ConditionalOnCamelContextAndAutoConfigurationBeans.OnCamelContext @ConditionalOnBean (types: org.apache.camel.CamelContext; SearchStrategy: all) found bean 'camelContext' (ConditionalOnCamelContextAndAutoConfigurationBeans)

   ConstantLanguageAutoConfiguration matched:
      - camel.language enabled (OnHierarchicalPropertiesCondition)
      - AllNestedConditions 2 matched 0 did not; NestedCondition on ConditionalOnCamelContextAndAutoConfigurationBeans.OnCamelAutoConfiguration @ConditionalOnBean (types: org.apache.camel.spring.boot.CamelAutoConfiguration; SearchStrategy: all) found bean 'org.apache.camel.spring.boot.CamelAutoConfiguration'; NestedCondition on ConditionalOnCamelContextAndAutoConfigurationBeans.OnCamelContext @ConditionalOnBean (types: org.apache.camel.CamelContext; SearchStrategy: all) found bean 'camelContext' (ConditionalOnCamelContextAndAutoConfigurationBeans)

   ControlBusComponentAutoConfiguration matched:
      - camel.component enabled (OnHierarchicalPropertiesCondition)
      - AllNestedConditions 2 matched 0 did not; NestedCondition on ConditionalOnCamelContextAndAutoConfigurationBeans.OnCamelAutoConfiguration @ConditionalOnBean (types: org.apache.camel.spring.boot.CamelAutoConfiguration; SearchStrategy: all) found bean 'org.apache.camel.spring.boot.CamelAutoConfiguration'; NestedCondition on ConditionalOnCamelContextAndAutoConfigurationBeans.OnCamelContext @ConditionalOnBean (types: org.apache.camel.CamelContext; SearchStrategy: all) found bean 'camelContext' (ConditionalOnCamelContextAndAutoConfigurationBeans)

   DataFormatComponentAutoConfiguration matched:
      - camel.component enabled (OnHierarchicalPropertiesCondition)
      - AllNestedConditions 2 matched 0 did not; NestedCondition on ConditionalOnCamelContextAndAutoConfigurationBeans.OnCamelAutoConfiguration @ConditionalOnBean (types: org.apache.camel.spring.boot.CamelAutoConfiguration; SearchStrategy: all) found bean 'org.apache.camel.spring.boot.CamelAutoConfiguration'; NestedCondition on ConditionalOnCamelContextAndAutoConfigurationBeans.OnCamelContext @ConditionalOnBean (types: org.apache.camel.CamelContext; SearchStrategy: all) found bean 'camelContext' (ConditionalOnCamelContextAndAutoConfigurationBeans)

   DataSetComponentAutoConfiguration matched:
      - camel.component enabled (OnHierarchicalPropertiesCondition)
      - AllNestedConditions 2 matched 0 did not; NestedCondition on ConditionalOnCamelContextAndAutoConfigurationBeans.OnCamelAutoConfiguration @ConditionalOnBean (types: org.apache.camel.spring.boot.CamelAutoConfiguration; SearchStrategy: all) found bean 'org.apache.camel.spring.boot.CamelAutoConfiguration'; NestedCondition on ConditionalOnCamelContextAndAutoConfigurationBeans.OnCamelContext @ConditionalOnBean (types: org.apache.camel.CamelContext; SearchStrategy: all) found bean 'camelContext' (ConditionalOnCamelContextAndAutoConfigurationBeans)

   DataSetTestComponentAutoConfiguration matched:
      - camel.component enabled (OnHierarchicalPropertiesCondition)
      - AllNestedConditions 2 matched 0 did not; NestedCondition on ConditionalOnCamelContextAndAutoConfigurationBeans.OnCamelAutoConfiguration @ConditionalOnBean (types: org.apache.camel.spring.boot.CamelAutoConfiguration; SearchStrategy: all) found bean 'org.apache.camel.spring.boot.CamelAutoConfiguration'; NestedCondition on ConditionalOnCamelContextAndAutoConfigurationBeans.OnCamelContext @ConditionalOnBean (types: org.apache.camel.CamelContext; SearchStrategy: all) found bean 'camelContext' (ConditionalOnCamelContextAndAutoConfigurationBeans)

   DataSourceAutoConfiguration matched:
      - @ConditionalOnClass found required classes 'javax.sql.DataSource', 'org.springframework.jdbc.datasource.embedded.EmbeddedDatabaseType' (OnClassCondition)
      - @ConditionalOnMissingBean (types: ?; SearchStrategy: all) did not find any beans (OnBeanCondition)

   DataSourceAutoConfiguration.PooledDataSourceConfiguration matched:
      - AnyNestedCondition 1 matched 1 did not; NestedCondition on DataSourceAutoConfiguration.PooledDataSourceCondition.PooledDataSourceAvailable PooledDataSource found supported DataSource; NestedCondition on DataSourceAutoConfiguration.PooledDataSourceCondition.ExplicitType @ConditionalOnProperty (spring.datasource.type) did not find property 'spring.datasource.type' (DataSourceAutoConfiguration.PooledDataSourceCondition)
      - @ConditionalOnMissingBean (types: javax.sql.DataSource,javax.sql.XADataSource; SearchStrategy: all) did not find any beans (OnBeanCondition)

   DataSourceAutoConfiguration.PooledDataSourceConfiguration#jdbcConnectionDetails matched:
      - @ConditionalOnMissingBean (types: org.springframework.boot.autoconfigure.jdbc.JdbcConnectionDetails; SearchStrategy: all) did not find any beans (OnBeanCondition)

   DataSourceConfiguration.Hikari matched:
      - @ConditionalOnClass found required class 'com.zaxxer.hikari.HikariDataSource' (OnClassCondition)
      - @ConditionalOnProperty (spring.datasource.type=com.zaxxer.hikari.HikariDataSource) matched (OnPropertyCondition)
      - @ConditionalOnMissingBean (types: javax.sql.DataSource; SearchStrategy: all) did not find any beans (OnBeanCondition)

   DataSourceInitializationConfiguration matched:
      - @ConditionalOnClass found required class 'org.springframework.jdbc.datasource.init.DatabasePopulator' (OnClassCondition)
      - @ConditionalOnSingleCandidate (types: javax.sql.DataSource; SearchStrategy: all) found a single bean 'dataSource'; @ConditionalOnMissingBean (types: org.springframework.boot.autoconfigure.sql.init.SqlDataSourceScriptDatabaseInitializer,org.springframework.boot.autoconfigure.sql.init.SqlR2dbcScriptDatabaseInitializer; SearchStrategy: all) did not find any beans (OnBeanCondition)

   DataSourcePoolMetadataProvidersConfiguration.HikariPoolDataSourceMetadataProviderConfiguration matched:
      - @ConditionalOnClass found required class 'com.zaxxer.hikari.HikariDataSource' (OnClassCondition)

   DataSourceTransactionManagerAutoConfiguration matched:
      - @ConditionalOnClass found required classes 'javax.sql.DataSource', 'org.springframework.jdbc.core.JdbcTemplate', 'org.springframework.transaction.TransactionManager' (OnClassCondition)

   DataSourceTransactionManagerAutoConfiguration.JdbcTransactionManagerConfiguration matched:
      - @ConditionalOnSingleCandidate (types: javax.sql.DataSource; SearchStrategy: all) found a single bean 'dataSource' (OnBeanCondition)

   DirectComponentAutoConfiguration matched:
      - camel.component enabled (OnHierarchicalPropertiesCondition)
      - AllNestedConditions 2 matched 0 did not; NestedCondition on ConditionalOnCamelContextAndAutoConfigurationBeans.OnCamelAutoConfiguration @ConditionalOnBean (types: org.apache.camel.spring.boot.CamelAutoConfiguration; SearchStrategy: all) found bean 'org.apache.camel.spring.boot.CamelAutoConfiguration'; NestedCondition on ConditionalOnCamelContextAndAutoConfigurationBeans.OnCamelContext @ConditionalOnBean (types: org.apache.camel.CamelContext; SearchStrategy: all) found bean 'camelContext' (ConditionalOnCamelContextAndAutoConfigurationBeans)

   ExchangePropertyLanguageAutoConfiguration matched:
      - camel.language enabled (OnHierarchicalPropertiesCondition)
      - AllNestedConditions 2 matched 0 did not; NestedCondition on ConditionalOnCamelContextAndAutoConfigurationBeans.OnCamelAutoConfiguration @ConditionalOnBean (types: org.apache.camel.spring.boot.CamelAutoConfiguration; SearchStrategy: all) found bean 'org.apache.camel.spring.boot.CamelAutoConfiguration'; NestedCondition on ConditionalOnCamelContextAndAutoConfigurationBeans.OnCamelContext @ConditionalOnBean (types: org.apache.camel.CamelContext; SearchStrategy: all) found bean 'camelContext' (ConditionalOnCamelContextAndAutoConfigurationBeans)

   FileComponentAutoConfiguration matched:
      - camel.component enabled (OnHierarchicalPropertiesCondition)
      - AllNestedConditions 2 matched 0 did not; NestedCondition on ConditionalOnCamelContextAndAutoConfigurationBeans.OnCamelAutoConfiguration @ConditionalOnBean (types: org.apache.camel.spring.boot.CamelAutoConfiguration; SearchStrategy: all) found bean 'org.apache.camel.spring.boot.CamelAutoConfiguration'; NestedCondition on ConditionalOnCamelContextAndAutoConfigurationBeans.OnCamelContext @ConditionalOnBean (types: org.apache.camel.CamelContext; SearchStrategy: all) found bean 'camelContext' (ConditionalOnCamelContextAndAutoConfigurationBeans)

   FileLanguageAutoConfiguration matched:
      - camel.language enabled (OnHierarchicalPropertiesCondition)
      - AllNestedConditions 2 matched 0 did not; NestedCondition on ConditionalOnCamelContextAndAutoConfigurationBeans.OnCamelAutoConfiguration @ConditionalOnBean (types: org.apache.camel.spring.boot.CamelAutoConfiguration; SearchStrategy: all) found bean 'org.apache.camel.spring.boot.CamelAutoConfiguration'; NestedCondition on ConditionalOnCamelContextAndAutoConfigurationBeans.OnCamelContext @ConditionalOnBean (types: org.apache.camel.CamelContext; SearchStrategy: all) found bean 'camelContext' (ConditionalOnCamelContextAndAutoConfigurationBeans)

   GcpVaultAutoConfiguration matched:
      - @ConditionalOnBean (types: org.apache.camel.spring.boot.CamelAutoConfiguration; SearchStrategy: all) found bean 'org.apache.camel.spring.boot.CamelAutoConfiguration' (OnBeanCondition)

   GenericCacheConfiguration matched:
      - Cache org.springframework.boot.autoconfigure.cache.GenericCacheConfiguration automatic cache type (CacheCondition)

   HashicorpVaultAutoConfiguration matched:
      - @ConditionalOnBean (types: org.apache.camel.spring.boot.CamelAutoConfiguration; SearchStrategy: all) found bean 'org.apache.camel.spring.boot.CamelAutoConfiguration' (OnBeanCondition)

   HeaderLanguageAutoConfiguration matched:
      - camel.language enabled (OnHierarchicalPropertiesCondition)
      - AllNestedConditions 2 matched 0 did not; NestedCondition on ConditionalOnCamelContextAndAutoConfigurationBeans.OnCamelAutoConfiguration @ConditionalOnBean (types: org.apache.camel.spring.boot.CamelAutoConfiguration; SearchStrategy: all) found bean 'org.apache.camel.spring.boot.CamelAutoConfiguration'; NestedCondition on ConditionalOnCamelContextAndAutoConfigurationBeans.OnCamelContext @ConditionalOnBean (types: org.apache.camel.CamelContext; SearchStrategy: all) found bean 'camelContext' (ConditionalOnCamelContextAndAutoConfigurationBeans)

   HibernateJpaAutoConfiguration matched:
      - @ConditionalOnClass found required classes 'org.springframework.orm.jpa.LocalContainerEntityManagerFactoryBean', 'jakarta.persistence.EntityManager', 'org.hibernate.engine.spi.SessionImplementor' (OnClassCondition)

   HibernateJpaConfiguration matched:
      - @ConditionalOnSingleCandidate (types: javax.sql.DataSource; SearchStrategy: all) found a single bean 'dataSource' (OnBeanCondition)

   JacksonAutoConfiguration matched:
      - @ConditionalOnClass found required class 'com.fasterxml.jackson.databind.ObjectMapper' (OnClassCondition)

   JacksonDataFormatAutoConfiguration matched:
      - camel.dataformat enabled (OnHierarchicalPropertiesCondition)
      - AllNestedConditions 2 matched 0 did not; NestedCondition on ConditionalOnCamelContextAndAutoConfigurationBeans.OnCamelAutoConfiguration @ConditionalOnBean (types: org.apache.camel.spring.boot.CamelAutoConfiguration; SearchStrategy: all) found bean 'org.apache.camel.spring.boot.CamelAutoConfiguration'; NestedCondition on ConditionalOnCamelContextAndAutoConfigurationBeans.OnCamelContext @ConditionalOnBean (types: org.apache.camel.CamelContext; SearchStrategy: all) found bean 'camelContext' (ConditionalOnCamelContextAndAutoConfigurationBeans)

   JacksonXMLDataFormatAutoConfiguration matched:
      - camel.dataformat enabled (OnHierarchicalPropertiesCondition)
      - AllNestedConditions 2 matched 0 did not; NestedCondition on ConditionalOnCamelContextAndAutoConfigurationBeans.OnCamelAutoConfiguration @ConditionalOnBean (types: org.apache.camel.spring.boot.CamelAutoConfiguration; SearchStrategy: all) found bean 'org.apache.camel.spring.boot.CamelAutoConfiguration'; NestedCondition on ConditionalOnCamelContextAndAutoConfigurationBeans.OnCamelContext @ConditionalOnBean (types: org.apache.camel.CamelContext; SearchStrategy: all) found bean 'camelContext' (ConditionalOnCamelContextAndAutoConfigurationBeans)

   JdbcClientAutoConfiguration matched:
      - @ConditionalOnSingleCandidate (types: org.springframework.jdbc.core.namedparam.NamedParameterJdbcTemplate; SearchStrategy: all) found a single bean 'namedParameterJdbcTemplate'; @ConditionalOnMissingBean (types: org.springframework.jdbc.core.simple.JdbcClient; SearchStrategy: all) did not find any beans (OnBeanCondition)

   JdbcTemplateAutoConfiguration matched:
      - @ConditionalOnClass found required classes 'javax.sql.DataSource', 'org.springframework.jdbc.core.JdbcTemplate' (OnClassCondition)
      - @ConditionalOnSingleCandidate (types: javax.sql.DataSource; SearchStrategy: all) found a single bean 'dataSource' (OnBeanCondition)

   JdbcTemplateConfiguration matched:
      - @ConditionalOnMissingBean (types: org.springframework.jdbc.core.JdbcOperations; SearchStrategy: all) did not find any beans (OnBeanCondition)

   JpaBaseConfiguration#entityManagerFactory matched:
      - @ConditionalOnMissingBean (types: org.springframework.orm.jpa.LocalContainerEntityManagerFactoryBean,jakarta.persistence.EntityManagerFactory; SearchStrategy: all) did not find any beans (OnBeanCondition)

   JpaBaseConfiguration#entityManagerFactoryBuilder matched:
      - @ConditionalOnMissingBean (types: org.springframework.boot.orm.jpa.EntityManagerFactoryBuilder; SearchStrategy: all) did not find any beans (OnBeanCondition)

   JpaBaseConfiguration#jpaVendorAdapter matched:
      - @ConditionalOnMissingBean (types: org.springframework.orm.jpa.JpaVendorAdapter; SearchStrategy: all) did not find any beans (OnBeanCondition)

   JpaBaseConfiguration#transactionManager matched:
      - @ConditionalOnMissingBean (types: org.springframework.transaction.TransactionManager; SearchStrategy: all) did not find any beans (OnBeanCondition)

   JpaBaseConfiguration.PersistenceManagedTypesConfiguration matched:
      - @ConditionalOnMissingBean (types: org.springframework.orm.jpa.LocalContainerEntityManagerFactoryBean,jakarta.persistence.EntityManagerFactory; SearchStrategy: all) did not find any beans (OnBeanCondition)

   JpaBaseConfiguration.PersistenceManagedTypesConfiguration#persistenceManagedTypes matched:
      - @ConditionalOnMissingBean (types: org.springframework.orm.jpa.persistenceunit.PersistenceManagedTypes; SearchStrategy: all) did not find any beans (OnBeanCondition)

   JpaComponentAutoConfiguration matched:
      - camel.component enabled (OnHierarchicalPropertiesCondition)
      - AllNestedConditions 2 matched 0 did not; NestedCondition on ConditionalOnCamelContextAndAutoConfigurationBeans.OnCamelAutoConfiguration @ConditionalOnBean (types: org.apache.camel.spring.boot.CamelAutoConfiguration; SearchStrategy: all) found bean 'org.apache.camel.spring.boot.CamelAutoConfiguration'; NestedCondition on ConditionalOnCamelContextAndAutoConfigurationBeans.OnCamelContext @ConditionalOnBean (types: org.apache.camel.CamelContext; SearchStrategy: all) found bean 'camelContext' (ConditionalOnCamelContextAndAutoConfigurationBeans)

   JpaRepositoriesAutoConfiguration matched:
      - @ConditionalOnClass found required class 'org.springframework.data.jpa.repository.JpaRepository' (OnClassCondition)
      - @ConditionalOnBooleanProperty (spring.data.jpa.repositories.enabled=true) matched (OnPropertyCondition)
      - @ConditionalOnBean (types: javax.sql.DataSource; SearchStrategy: all) found bean 'dataSource'; @ConditionalOnMissingBean (types: org.springframework.data.jpa.repository.support.JpaRepositoryFactoryBean,org.springframework.data.jpa.repository.config.JpaRepositoryConfigExtension; SearchStrategy: all) did not find any beans (OnBeanCondition)

   JtaAutoConfiguration matched:
      - @ConditionalOnClass found required class 'jakarta.transaction.Transaction' (OnClassCondition)
      - @ConditionalOnBooleanProperty (spring.jta.enabled=true) matched (OnPropertyCondition)

   KubernetesConfigMapVaultAutoConfiguration matched:
      - @ConditionalOnBean (types: org.apache.camel.spring.boot.CamelAutoConfiguration; SearchStrategy: all) found bean 'org.apache.camel.spring.boot.CamelAutoConfiguration' (OnBeanCondition)

   KubernetesVaultAutoConfiguration matched:
      - @ConditionalOnBean (types: org.apache.camel.spring.boot.CamelAutoConfiguration; SearchStrategy: all) found bean 'org.apache.camel.spring.boot.CamelAutoConfiguration' (OnBeanCondition)

   LanguageComponentAutoConfiguration matched:
      - camel.component enabled (OnHierarchicalPropertiesCondition)
      - AllNestedConditions 2 matched 0 did not; NestedCondition on ConditionalOnCamelContextAndAutoConfigurationBeans.OnCamelAutoConfiguration @ConditionalOnBean (types: org.apache.camel.spring.boot.CamelAutoConfiguration; SearchStrategy: all) found bean 'org.apache.camel.spring.boot.CamelAutoConfiguration'; NestedCondition on ConditionalOnCamelContextAndAutoConfigurationBeans.OnCamelContext @ConditionalOnBean (types: org.apache.camel.CamelContext; SearchStrategy: all) found bean 'camelContext' (ConditionalOnCamelContextAndAutoConfigurationBeans)

   LifecycleAutoConfiguration#defaultLifecycleProcessor matched:
      - @ConditionalOnMissingBean (names: lifecycleProcessor; SearchStrategy: current) did not find any beans (OnBeanCondition)

   LogComponentAutoConfiguration matched:
      - camel.component enabled (OnHierarchicalPropertiesCondition)
      - AllNestedConditions 2 matched 0 did not; NestedCondition on ConditionalOnCamelContextAndAutoConfigurationBeans.OnCamelAutoConfiguration @ConditionalOnBean (types: org.apache.camel.spring.boot.CamelAutoConfiguration; SearchStrategy: all) found bean 'org.apache.camel.spring.boot.CamelAutoConfiguration'; NestedCondition on ConditionalOnCamelContextAndAutoConfigurationBeans.OnCamelContext @ConditionalOnBean (types: org.apache.camel.CamelContext; SearchStrategy: all) found bean 'camelContext' (ConditionalOnCamelContextAndAutoConfigurationBeans)

   MockComponentAutoConfiguration matched:
      - camel.component enabled (OnHierarchicalPropertiesCondition)
      - AllNestedConditions 2 matched 0 did not; NestedCondition on ConditionalOnCamelContextAndAutoConfigurationBeans.OnCamelAutoConfiguration @ConditionalOnBean (types: org.apache.camel.spring.boot.CamelAutoConfiguration; SearchStrategy: all) found bean 'org.apache.camel.spring.boot.CamelAutoConfiguration'; NestedCondition on ConditionalOnCamelContextAndAutoConfigurationBeans.OnCamelContext @ConditionalOnBean (types: org.apache.camel.CamelContext; SearchStrategy: all) found bean 'camelContext' (ConditionalOnCamelContextAndAutoConfigurationBeans)

   NamedParameterJdbcTemplateConfiguration matched:
      - @ConditionalOnSingleCandidate (types: org.springframework.jdbc.core.JdbcTemplate; SearchStrategy: all) found a single bean 'jdbcTemplate'; @ConditionalOnMissingBean (types: org.springframework.jdbc.core.namedparam.NamedParameterJdbcOperations; SearchStrategy: all) did not find any beans (OnBeanCondition)

   NoOpCacheConfiguration matched:
      - Cache org.springframework.boot.autoconfigure.cache.NoOpCacheConfiguration automatic cache type (CacheCondition)

   PersistenceExceptionTranslationAutoConfiguration matched:
      - @ConditionalOnClass found required class 'org.springframework.dao.annotation.PersistenceExceptionTranslationPostProcessor' (OnClassCondition)

   PersistenceExceptionTranslationAutoConfiguration#persistenceExceptionTranslationPostProcessor matched:
      - @ConditionalOnBooleanProperty (spring.dao.exceptiontranslation.enabled=true) matched (OnPropertyCondition)
      - @ConditionalOnMissingBean (types: org.springframework.dao.annotation.PersistenceExceptionTranslationPostProcessor; SearchStrategy: all) did not find any beans (OnBeanCondition)

   PropertiesComponentAutoConfiguration matched:
      - AllNestedConditions 2 matched 0 did not; NestedCondition on ConditionalOnCamelContextAndAutoConfigurationBeans.OnCamelAutoConfiguration @ConditionalOnBean (types: org.apache.camel.spring.boot.CamelAutoConfiguration; SearchStrategy: all) found bean 'org.apache.camel.spring.boot.CamelAutoConfiguration'; NestedCondition on ConditionalOnCamelContextAndAutoConfigurationBeans.OnCamelContext @ConditionalOnBean (types: org.apache.camel.CamelContext; SearchStrategy: all) found bean 'camelContext' (ConditionalOnCamelContextAndAutoConfigurationBeans)

   PropertyPlaceholderAutoConfiguration#propertySourcesPlaceholderConfigurer matched:
      - @ConditionalOnMissingBean (types: org.springframework.context.support.PropertySourcesPlaceholderConfigurer; SearchStrategy: current) did not find any beans (OnBeanCondition)

   RefComponentAutoConfiguration matched:
      - camel.component enabled (OnHierarchicalPropertiesCondition)
      - AllNestedConditions 2 matched 0 did not; NestedCondition on ConditionalOnCamelContextAndAutoConfigurationBeans.OnCamelAutoConfiguration @ConditionalOnBean (types: org.apache.camel.spring.boot.CamelAutoConfiguration; SearchStrategy: all) found bean 'org.apache.camel.spring.boot.CamelAutoConfiguration'; NestedCondition on ConditionalOnCamelContextAndAutoConfigurationBeans.OnCamelContext @ConditionalOnBean (types: org.apache.camel.CamelContext; SearchStrategy: all) found bean 'camelContext' (ConditionalOnCamelContextAndAutoConfigurationBeans)

   RefLanguageAutoConfiguration matched:
      - camel.language enabled (OnHierarchicalPropertiesCondition)
      - AllNestedConditions 2 matched 0 did not; NestedCondition on ConditionalOnCamelContextAndAutoConfigurationBeans.OnCamelAutoConfiguration @ConditionalOnBean (types: org.apache.camel.spring.boot.CamelAutoConfiguration; SearchStrategy: all) found bean 'org.apache.camel.spring.boot.CamelAutoConfiguration'; NestedCondition on ConditionalOnCamelContextAndAutoConfigurationBeans.OnCamelContext @ConditionalOnBean (types: org.apache.camel.CamelContext; SearchStrategy: all) found bean 'camelContext' (ConditionalOnCamelContextAndAutoConfigurationBeans)

   RestApiComponentAutoConfiguration matched:
      - camel.component enabled (OnHierarchicalPropertiesCondition)
      - AllNestedConditions 2 matched 0 did not; NestedCondition on ConditionalOnCamelContextAndAutoConfigurationBeans.OnCamelAutoConfiguration @ConditionalOnBean (types: org.apache.camel.spring.boot.CamelAutoConfiguration; SearchStrategy: all) found bean 'org.apache.camel.spring.boot.CamelAutoConfiguration'; NestedCondition on ConditionalOnCamelContextAndAutoConfigurationBeans.OnCamelContext @ConditionalOnBean (types: org.apache.camel.CamelContext; SearchStrategy: all) found bean 'camelContext' (ConditionalOnCamelContextAndAutoConfigurationBeans)

   RestComponentAutoConfiguration matched:
      - camel.component enabled (OnHierarchicalPropertiesCondition)
      - AllNestedConditions 2 matched 0 did not; NestedCondition on ConditionalOnCamelContextAndAutoConfigurationBeans.OnCamelAutoConfiguration @ConditionalOnBean (types: org.apache.camel.spring.boot.CamelAutoConfiguration; SearchStrategy: all) found bean 'org.apache.camel.spring.boot.CamelAutoConfiguration'; NestedCondition on ConditionalOnCamelContextAndAutoConfigurationBeans.OnCamelContext @ConditionalOnBean (types: org.apache.camel.CamelContext; SearchStrategy: all) found bean 'camelContext' (ConditionalOnCamelContextAndAutoConfigurationBeans)

   RestConfigurationDefinitionAutoConfiguration matched:
      - @ConditionalOnProperty (camel.rest.enabled) matched (OnPropertyCondition)
      - @ConditionalOnBean (types: org.apache.camel.spring.boot.CamelAutoConfiguration; SearchStrategy: all) found bean 'org.apache.camel.spring.boot.CamelAutoConfiguration' (OnBeanCondition)

   RestConfigurationDefinitionAutoConfiguration#configureRestConfigurationDefinition matched:
      - @ConditionalOnClass found required class 'org.apache.camel.CamelContext' (OnClassCondition)
      - @ConditionalOnMissingBean (types: org.apache.camel.spi.RestConfiguration; SearchStrategy: all) did not find any beans (OnBeanCondition)

   SagaComponentAutoConfiguration matched:
      - camel.component enabled (OnHierarchicalPropertiesCondition)
      - AllNestedConditions 2 matched 0 did not; NestedCondition on ConditionalOnCamelContextAndAutoConfigurationBeans.OnCamelAutoConfiguration @ConditionalOnBean (types: org.apache.camel.spring.boot.CamelAutoConfiguration; SearchStrategy: all) found bean 'org.apache.camel.spring.boot.CamelAutoConfiguration'; NestedCondition on ConditionalOnCamelContextAndAutoConfigurationBeans.OnCamelContext @ConditionalOnBean (types: org.apache.camel.CamelContext; SearchStrategy: all) found bean 'camelContext' (ConditionalOnCamelContextAndAutoConfigurationBeans)

   SchedulerComponentAutoConfiguration matched:
      - camel.component enabled (OnHierarchicalPropertiesCondition)
      - AllNestedConditions 2 matched 0 did not; NestedCondition on ConditionalOnCamelContextAndAutoConfigurationBeans.OnCamelAutoConfiguration @ConditionalOnBean (types: org.apache.camel.spring.boot.CamelAutoConfiguration; SearchStrategy: all) found bean 'org.apache.camel.spring.boot.CamelAutoConfiguration'; NestedCondition on ConditionalOnCamelContextAndAutoConfigurationBeans.OnCamelContext @ConditionalOnBean (types: org.apache.camel.CamelContext; SearchStrategy: all) found bean 'camelContext' (ConditionalOnCamelContextAndAutoConfigurationBeans)

   SedaComponentAutoConfiguration matched:
      - camel.component enabled (OnHierarchicalPropertiesCondition)
      - AllNestedConditions 2 matched 0 did not; NestedCondition on ConditionalOnCamelContextAndAutoConfigurationBeans.OnCamelAutoConfiguration @ConditionalOnBean (types: org.apache.camel.spring.boot.CamelAutoConfiguration; SearchStrategy: all) found bean 'org.apache.camel.spring.boot.CamelAutoConfiguration'; NestedCondition on ConditionalOnCamelContextAndAutoConfigurationBeans.OnCamelContext @ConditionalOnBean (types: org.apache.camel.CamelContext; SearchStrategy: all) found bean 'camelContext' (ConditionalOnCamelContextAndAutoConfigurationBeans)

   SimpleCacheConfiguration matched:
      - Cache org.springframework.boot.autoconfigure.cache.SimpleCacheConfiguration automatic cache type (CacheCondition)

   SimpleLanguageAutoConfiguration matched:
      - camel.language enabled (OnHierarchicalPropertiesCondition)
      - AllNestedConditions 2 matched 0 did not; NestedCondition on ConditionalOnCamelContextAndAutoConfigurationBeans.OnCamelAutoConfiguration @ConditionalOnBean (types: org.apache.camel.spring.boot.CamelAutoConfiguration; SearchStrategy: all) found bean 'org.apache.camel.spring.boot.CamelAutoConfiguration'; NestedCondition on ConditionalOnCamelContextAndAutoConfigurationBeans.OnCamelContext @ConditionalOnBean (types: org.apache.camel.CamelContext; SearchStrategy: all) found bean 'camelContext' (ConditionalOnCamelContextAndAutoConfigurationBeans)

   SqlInitializationAutoConfiguration matched:
      - @ConditionalOnBooleanProperty (spring.sql.init.enabled=true) matched (OnPropertyCondition)
      - NoneNestedConditions 0 matched 1 did not; NestedCondition on SqlInitializationAutoConfiguration.SqlInitializationModeCondition.ModeIsNever @ConditionalOnProperty (spring.sql.init.mode=never) did not find property 'spring.sql.init.mode' (SqlInitializationAutoConfiguration.SqlInitializationModeCondition)

   SslAutoConfiguration#sslBundleRegistry matched:
      - @ConditionalOnMissingBean (types: org.springframework.boot.ssl.SslBundleRegistry,org.springframework.boot.ssl.SslBundles; SearchStrategy: all) did not find any beans (OnBeanCondition)

   StubComponentAutoConfiguration matched:
      - camel.component enabled (OnHierarchicalPropertiesCondition)
      - AllNestedConditions 2 matched 0 did not; NestedCondition on ConditionalOnCamelContextAndAutoConfigurationBeans.OnCamelAutoConfiguration @ConditionalOnBean (types: org.apache.camel.spring.boot.CamelAutoConfiguration; SearchStrategy: all) found bean 'org.apache.camel.spring.boot.CamelAutoConfiguration'; NestedCondition on ConditionalOnCamelContextAndAutoConfigurationBeans.OnCamelContext @ConditionalOnBean (types: org.apache.camel.CamelContext; SearchStrategy: all) found bean 'camelContext' (ConditionalOnCamelContextAndAutoConfigurationBeans)

   TaskExecutionAutoConfiguration matched:
      - @ConditionalOnClass found required class 'org.springframework.scheduling.concurrent.ThreadPoolTaskExecutor' (OnClassCondition)

   TaskExecutorConfigurations.AsyncConfigurerConfiguration matched:
      - @ConditionalOnMissingBean (types: org.springframework.scheduling.annotation.AsyncConfigurer; SearchStrategy: all) did not find any beans (OnBeanCondition)

   TaskExecutorConfigurations.AsyncConfigurerConfiguration#applicationTaskExecutorAsyncConfigurer matched:
      - @ConditionalOnMissingBean (types: org.springframework.scheduling.annotation.AsyncConfigurer; SearchStrategy: all) did not find any beans (OnBeanCondition)

   TaskExecutorConfigurations.SimpleAsyncTaskExecutorBuilderConfiguration#simpleAsyncTaskExecutorBuilder matched:
      - @ConditionalOnMissingBean (types: org.springframework.boot.task.SimpleAsyncTaskExecutorBuilder; SearchStrategy: all) did not find any beans (OnBeanCondition)
      - @ConditionalOnThreading found PLATFORM (OnThreadingCondition)

   TaskExecutorConfigurations.TaskExecutorConfiguration matched:
      - AnyNestedCondition 1 matched 1 did not; NestedCondition on TaskExecutorConfigurations.OnExecutorCondition.ModelCondition @ConditionalOnProperty (spring.task.execution.mode=force) did not find property 'spring.task.execution.mode'; NestedCondition on TaskExecutorConfigurations.OnExecutorCondition.ExecutorBeanCondition @ConditionalOnMissingBean (types: java.util.concurrent.Executor; SearchStrategy: all) did not find any beans (TaskExecutorConfigurations.OnExecutorCondition)

   TaskExecutorConfigurations.TaskExecutorConfiguration#applicationTaskExecutor matched:
      - @ConditionalOnThreading found PLATFORM (OnThreadingCondition)

   TaskExecutorConfigurations.ThreadPoolTaskExecutorBuilderConfiguration#threadPoolTaskExecutorBuilder matched:
      - @ConditionalOnMissingBean (types: org.springframework.boot.task.ThreadPoolTaskExecutorBuilder; SearchStrategy: all) did not find any beans (OnBeanCondition)

   TaskSchedulingAutoConfiguration matched:
      - @ConditionalOnClass found required class 'org.springframework.scheduling.concurrent.ThreadPoolTaskScheduler' (OnClassCondition)

   TaskSchedulingConfigurations.SimpleAsyncTaskSchedulerBuilderConfiguration#simpleAsyncTaskSchedulerBuilder matched:
      - @ConditionalOnMissingBean (types: org.springframework.boot.task.SimpleAsyncTaskSchedulerBuilder; SearchStrategy: all) did not find any beans (OnBeanCondition)
      - @ConditionalOnThreading found PLATFORM (OnThreadingCondition)

   TaskSchedulingConfigurations.ThreadPoolTaskSchedulerBuilderConfiguration#threadPoolTaskSchedulerBuilder matched:
      - @ConditionalOnMissingBean (types: org.springframework.boot.task.ThreadPoolTaskSchedulerBuilder; SearchStrategy: all) did not find any beans (OnBeanCondition)

   TimerComponentAutoConfiguration matched:
      - camel.component enabled (OnHierarchicalPropertiesCondition)
      - AllNestedConditions 2 matched 0 did not; NestedCondition on ConditionalOnCamelContextAndAutoConfigurationBeans.OnCamelAutoConfiguration @ConditionalOnBean (types: org.apache.camel.spring.boot.CamelAutoConfiguration; SearchStrategy: all) found bean 'org.apache.camel.spring.boot.CamelAutoConfiguration'; NestedCondition on ConditionalOnCamelContextAndAutoConfigurationBeans.OnCamelContext @ConditionalOnBean (types: org.apache.camel.CamelContext; SearchStrategy: all) found bean 'camelContext' (ConditionalOnCamelContextAndAutoConfigurationBeans)

   TokenizeLanguageAutoConfiguration matched:
      - camel.language enabled (OnHierarchicalPropertiesCondition)
      - AllNestedConditions 2 matched 0 did not; NestedCondition on ConditionalOnCamelContextAndAutoConfigurationBeans.OnCamelAutoConfiguration @ConditionalOnBean (types: org.apache.camel.spring.boot.CamelAutoConfiguration; SearchStrategy: all) found bean 'org.apache.camel.spring.boot.CamelAutoConfiguration'; NestedCondition on ConditionalOnCamelContextAndAutoConfigurationBeans.OnCamelContext @ConditionalOnBean (types: org.apache.camel.CamelContext; SearchStrategy: all) found bean 'camelContext' (ConditionalOnCamelContextAndAutoConfigurationBeans)

   TransactionAutoConfiguration matched:
      - @ConditionalOnClass found required class 'org.springframework.transaction.PlatformTransactionManager' (OnClassCondition)

   TransactionAutoConfiguration.EnableTransactionManagementConfiguration matched:
      - @ConditionalOnBean (types: org.springframework.transaction.TransactionManager; SearchStrategy: all) found bean 'transactionManager'; @ConditionalOnMissingBean (types: org.springframework.transaction.annotation.AbstractTransactionManagementConfiguration; SearchStrategy: all) did not find any beans (OnBeanCondition)

   TransactionAutoConfiguration.EnableTransactionManagementConfiguration.CglibAutoProxyConfiguration matched:
      - @ConditionalOnBooleanProperty (spring.aop.proxy-target-class=true) matched (OnPropertyCondition)

   TransactionAutoConfiguration.TransactionTemplateConfiguration matched:
      - @ConditionalOnSingleCandidate (types: org.springframework.transaction.PlatformTransactionManager; SearchStrategy: all) found a single bean 'transactionManager' (OnBeanCondition)

   TransactionAutoConfiguration.TransactionTemplateConfiguration#transactionTemplate matched:
      - @ConditionalOnMissingBean (types: org.springframework.transaction.support.TransactionOperations; SearchStrategy: all) did not find any beans (OnBeanCondition)

   TransactionManagerCustomizationAutoConfiguration matched:
      - @ConditionalOnClass found required class 'org.springframework.transaction.PlatformTransactionManager' (OnClassCondition)

   TransactionManagerCustomizationAutoConfiguration#platformTransactionManagerCustomizers matched:
      - @ConditionalOnMissingBean (types: org.springframework.boot.autoconfigure.transaction.TransactionManagerCustomizers; SearchStrategy: all) did not find any beans (OnBeanCondition)

   TypeConversionConfiguration matched:
      - @ConditionalOnProperty (camel.springboot.type-conversion) matched (OnPropertyCondition)

   TypeConversionConfiguration#defaultCamelConversionService matched:
      - @ConditionalOnMissingBean (types: org.springframework.core.convert.ConversionService; SearchStrategy: all) did not find any beans (OnBeanCondition)

   ValidatorComponentAutoConfiguration matched:
      - camel.component enabled (OnHierarchicalPropertiesCondition)
      - AllNestedConditions 2 matched 0 did not; NestedCondition on ConditionalOnCamelContextAndAutoConfigurationBeans.OnCamelAutoConfiguration @ConditionalOnBean (types: org.apache.camel.spring.boot.CamelAutoConfiguration; SearchStrategy: all) found bean 'org.apache.camel.spring.boot.CamelAutoConfiguration'; NestedCondition on ConditionalOnCamelContextAndAutoConfigurationBeans.OnCamelContext @ConditionalOnBean (types: org.apache.camel.CamelContext; SearchStrategy: all) found bean 'camelContext' (ConditionalOnCamelContextAndAutoConfigurationBeans)

   VariableLanguageAutoConfiguration matched:
      - camel.language enabled (OnHierarchicalPropertiesCondition)
      - AllNestedConditions 2 matched 0 did not; NestedCondition on ConditionalOnCamelContextAndAutoConfigurationBeans.OnCamelAutoConfiguration @ConditionalOnBean (types: org.apache.camel.spring.boot.CamelAutoConfiguration; SearchStrategy: all) found bean 'org.apache.camel.spring.boot.CamelAutoConfiguration'; NestedCondition on ConditionalOnCamelContextAndAutoConfigurationBeans.OnCamelContext @ConditionalOnBean (types: org.apache.camel.CamelContext; SearchStrategy: all) found bean 'camelContext' (ConditionalOnCamelContextAndAutoConfigurationBeans)

   XPathLanguageAutoConfiguration matched:
      - camel.language enabled (OnHierarchicalPropertiesCondition)
      - AllNestedConditions 2 matched 0 did not; NestedCondition on ConditionalOnCamelContextAndAutoConfigurationBeans.OnCamelAutoConfiguration @ConditionalOnBean (types: org.apache.camel.spring.boot.CamelAutoConfiguration; SearchStrategy: all) found bean 'org.apache.camel.spring.boot.CamelAutoConfiguration'; NestedCondition on ConditionalOnCamelContextAndAutoConfigurationBeans.OnCamelContext @ConditionalOnBean (types: org.apache.camel.CamelContext; SearchStrategy: all) found bean 'camelContext' (ConditionalOnCamelContextAndAutoConfigurationBeans)

   XsltComponentAutoConfiguration matched:
      - camel.component enabled (OnHierarchicalPropertiesCondition)
      - AllNestedConditions 2 matched 0 did not; NestedCondition on ConditionalOnCamelContextAndAutoConfigurationBeans.OnCamelAutoConfiguration @ConditionalOnBean (types: org.apache.camel.spring.boot.CamelAutoConfiguration; SearchStrategy: all) found bean 'org.apache.camel.spring.boot.CamelAutoConfiguration'; NestedCondition on ConditionalOnCamelContextAndAutoConfigurationBeans.OnCamelContext @ConditionalOnBean (types: org.apache.camel.CamelContext; SearchStrategy: all) found bean 'camelContext' (ConditionalOnCamelContextAndAutoConfigurationBeans)


Negative matches:
-----------------

   ActiveMQAutoConfiguration:
      Did not match:
         - @ConditionalOnClass did not find required class 'jakarta.jms.ConnectionFactory' (OnClassCondition)

   AopAutoConfiguration.AspectJAutoProxyingConfiguration.JdkDynamicAutoProxyConfiguration:
      Did not match:
         - @ConditionalOnBooleanProperty (spring.aop.proxy-target-class=false) did not find property 'spring.aop.proxy-target-class' (OnPropertyCondition)

   AopAutoConfiguration.ClassProxyingConfiguration:
      Did not match:
[...]

   LdapAutoConfiguration:
      Did not match:
         - @ConditionalOnClass did not find required class 'org.springframework.ldap.core.ContextSource' (OnClassCondition)

   LdapRepositoriesAutoConfiguration:
      Did not match:
         - @ConditionalOnClass did not find required class 'org.springframework.data.ldap.repository.LdapRepository' (OnClassCondition)

   LiquibaseAutoConfiguration:
      Did not match:
         - @ConditionalOnClass did not find required class 'liquibase.change.DatabaseChange' (OnClassCondition)

   MailSenderAutoConfiguration:
      Did not match:
         - @ConditionalOnClass did not find required class 'jakarta.mail.internet.MimeMessage' (OnClassCondition)

   MailSenderValidatorAutoConfiguration:
      Did not match:
         - @ConditionalOnSingleCandidate did not find required type 'org.springframework.mail.javamail.JavaMailSenderImpl' (OnBeanCondition)

   MessageSourceAutoConfiguration:
      Did not match:
         - ResourceBundle did not find bundle with basename messages (MessageSourceAutoConfiguration.ResourceBundleCondition)

   MongoAutoConfiguration:
      Did not match:
         - @ConditionalOnClass did not find required class 'com.mongodb.client.MongoClient' (OnClassCondition)

   MongoDataAutoConfiguration:
      Did not match:
         - @ConditionalOnClass did not find required class 'com.mongodb.client.MongoClient' (OnClassCondition)

   MongoReactiveAutoConfiguration:
      Did not match:
         - @ConditionalOnClass did not find required class 'com.mongodb.reactivestreams.client.MongoClient' (OnClassCondition)

   MongoReactiveDataAutoConfiguration:
      Did not match:
         - @ConditionalOnClass did not find required class 'com.mongodb.reactivestreams.client.MongoClient' (OnClassCondition)

   MongoReactiveRepositoriesAutoConfiguration:
      Did not match:
         - @ConditionalOnClass did not find required class 'com.mongodb.reactivestreams.client.MongoClient' (OnClassCondition)

   MongoRepositoriesAutoConfiguration:
      Did not match:
         - @ConditionalOnClass did not find required class 'com.mongodb.client.MongoClient' (OnClassCondition)

   MultipartAutoConfiguration:
      Did not match:
         - @ConditionalOnClass did not find required class 'jakarta.servlet.MultipartConfigElement' (OnClassCondition)

   MustacheAutoConfiguration:
      Did not match:
         - @ConditionalOnClass did not find required class 'com.samskivert.mustache.Mustache' (OnClassCondition)

   Neo4jAutoConfiguration:
      Did not match:
         - @ConditionalOnClass did not find required class 'org.neo4j.driver.Driver' (OnClassCondition)

   Neo4jDataAutoConfiguration:
      Did not match:
         - @ConditionalOnClass did not find required class 'org.neo4j.driver.Driver' (OnClassCondition)

   Neo4jReactiveDataAutoConfiguration:
      Did not match:
         - @ConditionalOnClass did not find required class 'org.neo4j.driver.Driver' (OnClassCondition)

   Neo4jReactiveRepositoriesAutoConfiguration:
      Did not match:
         - @ConditionalOnClass did not find required class 'org.neo4j.driver.Driver' (OnClassCondition)

   Neo4jRepositoriesAutoConfiguration:
      Did not match:
         - @ConditionalOnClass did not find required class 'org.neo4j.driver.Driver' (OnClassCondition)

   NettyAutoConfiguration:
      Did not match:
         - @ConditionalOnClass did not find required class 'io.netty.util.NettyRuntime' (OnClassCondition)

   OAuth2AuthorizationServerAutoConfiguration:
      Did not match:
         - @ConditionalOnClass did not find required class 'org.springframework.security.oauth2.server.authorization.OAuth2Authorization' (OnClassCondition)

   OAuth2AuthorizationServerJwtAutoConfiguration:
      Did not match:
         - @ConditionalOnClass did not find required class 'com.nimbusds.jose.jwk.source.JWKSource' (OnClassCondition)

   OAuth2ClientAutoConfiguration:
      Did not match:
         - @ConditionalOnClass did not find required class 'org.springframework.security.oauth2.client.registration.ClientRegistration' (OnClassCondition)

   OAuth2ClientWebSecurityAutoConfiguration:
      Did not match:
         - @ConditionalOnClass did not find required class 'org.springframework.security.config.annotation.web.configuration.EnableWebSecurity' (OnClassCondition)

   OAuth2ResourceServerAutoConfiguration:
      Did not match:
         - @ConditionalOnClass did not find required class 'org.springframework.security.oauth2.server.resource.authentication.BearerTokenAuthenticationToken' (OnClassCondition)

   ProjectInfoAutoConfiguration#buildProperties:
      Did not match:
         - @ConditionalOnResource did not find resource '${spring.info.build.location:classpath:META-INF/build-info.properties}' (OnResourceCondition)

   ProjectInfoAutoConfiguration#gitProperties:
      Did not match:
         - GitResource did not find git info at classpath:git.properties (ProjectInfoAutoConfiguration.GitResourceAvailableCondition)

   PropertiesComponentAutoConfiguration#configurePropertiesComponent:
      Did not match:
         - @ConditionalOnMissingBean (types: org.apache.camel.component.properties.PropertiesComponent; SearchStrategy: all) found beans of type 'org.apache.camel.component.properties.PropertiesComponent' properties (OnBeanCondition)

   PulsarAutoConfiguration:
      Did not match:
         - @ConditionalOnClass did not find required class 'org.apache.pulsar.client.api.PulsarClient' (OnClassCondition)

   PulsarReactiveAutoConfiguration:
      Did not match:
         - @ConditionalOnClass did not find required class 'org.apache.pulsar.client.api.PulsarClient' (OnClassCondition)

   QuartzAutoConfiguration:
      Did not match:
         - @ConditionalOnClass did not find required class 'org.quartz.Scheduler' (OnClassCondition)

   R2dbcAutoConfiguration:
      Did not match:
         - @ConditionalOnClass did not find required class 'io.r2dbc.spi.ConnectionFactory' (OnClassCondition)

   R2dbcDataAutoConfiguration:
      Did not match:
         - @ConditionalOnClass did not find required class 'org.springframework.data.r2dbc.core.R2dbcEntityTemplate' (OnClassCondition)

   R2dbcInitializationConfiguration:
      Did not match:
         - @ConditionalOnClass did not find required classes 'io.r2dbc.spi.ConnectionFactory', 'org.springframework.r2dbc.connection.init.DatabasePopulator' (OnClassCondition)

   R2dbcProxyAutoConfiguration:
      Did not match:
         - @ConditionalOnClass did not find required class 'io.r2dbc.proxy.ProxyConnectionFactory' (OnClassCondition)

   R2dbcRepositoriesAutoConfiguration:
      Did not match:
         - @ConditionalOnClass did not find required class 'io.r2dbc.spi.ConnectionFactory' (OnClassCondition)

   R2dbcTransactionManagerAutoConfiguration:
      Did not match:
         - @ConditionalOnClass did not find required class 'org.springframework.r2dbc.connection.R2dbcTransactionManager' (OnClassCondition)

   RSocketGraphQlClientAutoConfiguration:
      Did not match:
         - @ConditionalOnClass did not find required class 'graphql.GraphQL' (OnClassCondition)

   RSocketMessagingAutoConfiguration:
      Did not match:
         - @ConditionalOnClass did not find required class 'io.rsocket.RSocket' (OnClassCondition)

   RSocketRequesterAutoConfiguration:
      Did not match:
         - @ConditionalOnClass did not find required class 'io.rsocket.RSocket' (OnClassCondition)

   RSocketSecurityAutoConfiguration:
      Did not match:
         - @ConditionalOnClass did not find required class 'org.springframework.security.rsocket.core.SecuritySocketAcceptorInterceptor' (OnClassCondition)

   RSocketServerAutoConfiguration:
      Did not match:
         - @ConditionalOnClass did not find required class 'io.rsocket.core.RSocketServer' (OnClassCondition)

   RSocketStrategiesAutoConfiguration:
      Did not match:
         - @ConditionalOnClass did not find required class 'io.netty.buffer.PooledByteBufAllocator' (OnClassCondition)

   RabbitAutoConfiguration:
      Did not match:
         - @ConditionalOnClass did not find required class 'com.rabbitmq.client.Channel' (OnClassCondition)

   ReactiveElasticsearchClientAutoConfiguration:
      Did not match:
         - @ConditionalOnClass did not find required class 'co.elastic.clients.transport.ElasticsearchTransport' (OnClassCondition)

   ReactiveElasticsearchRepositoriesAutoConfiguration:
      Did not match:
         - @ConditionalOnClass did not find required class 'reactor.core.publisher.Mono' (OnClassCondition)

   ReactiveMultipartAutoConfiguration:
      Did not match:
         - @ConditionalOnClass did not find required class 'org.springframework.http.codec.multipart.DefaultPartHttpMessageReader' (OnClassCondition)

   ReactiveOAuth2ClientAutoConfiguration:
      Did not match:
         - @ConditionalOnClass did not find required class 'reactor.core.publisher.Flux' (OnClassCondition)

   ReactiveOAuth2ClientWebSecurityAutoConfiguration:
      Did not match:
         - @ConditionalOnClass did not find required class 'reactor.core.publisher.Flux' (OnClassCondition)

   ReactiveOAuth2ResourceServerAutoConfiguration:
      Did not match:
         - @ConditionalOnClass did not find required class 'org.springframework.security.config.annotation.web.reactive.EnableWebFluxSecurity' (OnClassCondition)

   ReactiveSecurityAutoConfiguration:
      Did not match:
         - @ConditionalOnClass did not find required class 'reactor.core.publisher.Flux' (OnClassCondition)

   ReactiveUserDetailsServiceAutoConfiguration:
      Did not match:
         - @ConditionalOnClass did not find required class 'org.springframework.security.authentication.ReactiveAuthenticationManager' (OnClassCondition)

   ReactiveWebServerFactoryAutoConfiguration:
      Did not match:
         - @ConditionalOnClass did not find required class 'org.springframework.http.ReactiveHttpInputMessage' (OnClassCondition)

   ReactorAutoConfiguration:
      Did not match:
         - @ConditionalOnClass did not find required class 'reactor.core.publisher.Hooks' (OnClassCondition)

   RedisAutoConfiguration:
      Did not match:
         - @ConditionalOnClass did not find required class 'org.springframework.data.redis.core.RedisOperations' (OnClassCondition)

   RedisCacheConfiguration:
      Did not match:
         - @ConditionalOnClass did not find required class 'org.springframework.data.redis.connection.RedisConnectionFactory' (OnClassCondition)

   RedisReactiveAutoConfiguration:
      Did not match:
         - @ConditionalOnClass did not find required class 'reactor.core.publisher.Flux' (OnClassCondition)

   RedisRepositoriesAutoConfiguration:
      Did not match:
         - @ConditionalOnClass did not find required class 'org.springframework.data.redis.repository.configuration.EnableRedisRepositories' (OnClassCondition)

   RepositoryRestMvcAutoConfiguration:
      Did not match:
         - @ConditionalOnClass did not find required class 'org.springframework.data.rest.webmvc.config.RepositoryRestMvcConfiguration' (OnClassCondition)

   RestClientAutoConfiguration:
      Did not match:
         - @ConditionalOnClass did not find required class 'org.springframework.web.client.RestClient' (OnClassCondition)

   RestTemplateAutoConfiguration:
      Did not match:
         - @ConditionalOnClass did not find required class 'org.springframework.web.client.RestTemplate' (OnClassCondition)

   Saml2RelyingPartyAutoConfiguration:
      Did not match:
         - @ConditionalOnClass did not find required class 'org.springframework.security.saml2.provider.service.registration.RelyingPartyRegistrationRepository' (OnClassCondition)

   SecurityAutoConfiguration:
      Did not match:
         - @ConditionalOnClass did not find required class 'org.springframework.security.authentication.DefaultAuthenticationEventPublisher' (OnClassCondition)

   SecurityFilterAutoConfiguration:
      Did not match:
         - @ConditionalOnClass did not find required class 'org.springframework.security.config.http.SessionCreationPolicy' (OnClassCondition)

   SendGridAutoConfiguration:
      Did not match:
         - @ConditionalOnClass did not find required class 'com.sendgrid.SendGrid' (OnClassCondition)

   ServletWebServerFactoryAutoConfiguration:
      Did not match:
         - @ConditionalOnClass did not find required class 'jakarta.servlet.ServletRequest' (OnClassCondition)

   SessionAutoConfiguration:
      Did not match:
         - @ConditionalOnClass did not find required class 'org.springframework.session.Session' (OnClassCondition)

   SpringApplicationAdminJmxAutoConfiguration:
      Did not match:
         - @ConditionalOnBooleanProperty (spring.application.admin.enabled=true) did not find property 'spring.application.admin.enabled' (OnPropertyCondition)

   SpringDataWebAutoConfiguration:
      Did not match:
         - @ConditionalOnClass did not find required class 'org.springframework.data.web.PageableHandlerMethodArgumentResolver' (OnClassCondition)

   SupervisingRouteControllerAutoConfiguration:
      Did not match:
         - @ConditionalOnProperty (camel.routecontroller.enabled) did not find property 'enabled' (OnPropertyCondition)

   TaskExecutorConfigurations.SimpleAsyncTaskExecutorBuilderConfiguration#simpleAsyncTaskExecutorBuilderVirtualThreads:
      Did not match:
         - @ConditionalOnMissingBean (types: org.springframework.boot.task.SimpleAsyncTaskExecutorBuilder; SearchStrategy: all) found beans of type 'org.springframework.boot.task.SimpleAsyncTaskExecutorBuilder' simpleAsyncTaskExecutorBuilder (OnBeanCondition)

   TaskExecutorConfigurations.TaskExecutorConfiguration#applicationTaskExecutorVirtualThreads:
      Did not match:
         - @ConditionalOnThreading did not find VIRTUAL (OnThreadingCondition)

   TaskSchedulingAutoConfiguration#scheduledBeanLazyInitializationExcludeFilter:
      Did not match:
         - @ConditionalOnBean (names: org.springframework.context.annotation.internalScheduledAnnotationProcessor; SearchStrategy: all) did not find any beans named org.springframework.context.annotation.internalScheduledAnnotationProcessor (OnBeanCondition)

   TaskSchedulingConfigurations.SimpleAsyncTaskSchedulerBuilderConfiguration#simpleAsyncTaskSchedulerBuilderVirtualThreads:
      Did not match:
         - @ConditionalOnMissingBean (types: org.springframework.boot.task.SimpleAsyncTaskSchedulerBuilder; SearchStrategy: all) found beans of type 'org.springframework.boot.task.SimpleAsyncTaskSchedulerBuilder' simpleAsyncTaskSchedulerBuilder (OnBeanCondition)

   TaskSchedulingConfigurations.TaskSchedulerConfiguration:
      Did not match:
         - @ConditionalOnBean (names: org.springframework.context.annotation.internalScheduledAnnotationProcessor; SearchStrategy: all) did not find any beans named org.springframework.context.annotation.internalScheduledAnnotationProcessor (OnBeanCondition)

   ThymeleafAutoConfiguration:
      Did not match:
         - @ConditionalOnClass did not find required class 'org.thymeleaf.spring6.SpringTemplateEngine' (OnClassCondition)

   TransactionAutoConfiguration#transactionalOperator:
      Did not match:
         - @ConditionalOnSingleCandidate (types: org.springframework.transaction.ReactiveTransactionManager; SearchStrategy: all) did not find any beans (OnBeanCondition)

   TransactionAutoConfiguration.AspectJTransactionManagementConfiguration:
      Did not match:
         - @ConditionalOnBean (types: org.springframework.transaction.aspectj.AbstractTransactionAspect; SearchStrategy: all) did not find any beans of type org.springframework.transaction.aspectj.AbstractTransactionAspect (OnBeanCondition)

   TransactionAutoConfiguration.EnableTransactionManagementConfiguration.JdkDynamicAutoProxyConfiguration:
      Did not match:
         - @ConditionalOnBooleanProperty (spring.aop.proxy-target-class=false) did not find property 'spring.aop.proxy-target-class' (OnPropertyCondition)

   UserDetailsServiceAutoConfiguration:
      Did not match:
         - @ConditionalOnClass did not find required class 'org.springframework.security.authentication.AuthenticationManager' (OnClassCondition)

   ValidationAutoConfiguration:
      Did not match:
         - @ConditionalOnClass did not find required class 'jakarta.validation.executable.ExecutableValidator' (OnClassCondition)

   WebClientAutoConfiguration:
      Did not match:
         - @ConditionalOnClass did not find required class 'org.springframework.web.reactive.function.client.WebClient' (OnClassCondition)

   WebFluxAutoConfiguration:
      Did not match:
         - @ConditionalOnClass did not find required class 'org.springframework.web.reactive.config.WebFluxConfigurer' (OnClassCondition)

   WebMvcAutoConfiguration:
      Did not match:
         - @ConditionalOnClass did not find required class 'jakarta.servlet.Servlet' (OnClassCondition)

   WebServiceTemplateAutoConfiguration:
      Did not match:
         - @ConditionalOnClass did not find required class 'org.springframework.oxm.Marshaller' (OnClassCondition)

   WebServicesAutoConfiguration:
      Did not match:
         - @ConditionalOnClass did not find required class 'org.springframework.ws.transport.http.MessageDispatcherServlet' (OnClassCondition)

   WebSessionIdResolverAutoConfiguration:
      Did not match:
         - @ConditionalOnClass did not find required class 'reactor.core.publisher.Mono' (OnClassCondition)

   WebSocketMessagingAutoConfiguration:
      Did not match:
         - @ConditionalOnClass did not find required class 'org.springframework.web.socket.config.annotation.WebSocketMessageBrokerConfigurer' (OnClassCondition)

   WebSocketReactiveAutoConfiguration:
      Did not match:
         - @ConditionalOnClass did not find required class 'jakarta.servlet.Servlet' (OnClassCondition)

   WebSocketServletAutoConfiguration:
      Did not match:
         - @ConditionalOnClass did not find required class 'jakarta.servlet.Servlet' (OnClassCondition)

   XADataSourceAutoConfiguration:
      Did not match:
         - @ConditionalOnBean (types: org.springframework.boot.jdbc.XADataSourceWrapper; SearchStrategy: all) did not find any beans of type org.springframework.boot.jdbc.XADataSourceWrapper (OnBeanCondition)
      Matched:
         - @ConditionalOnClass found required classes 'javax.sql.DataSource', 'jakarta.transaction.TransactionManager', 'org.springframework.jdbc.datasource.embedded.EmbeddedDatabaseType' (OnClassCondition)


Exclusions:
-----------

    None


Unconditional classes:
----------------------

    org.apache.camel.spring.boot.CamelAutoConfiguration

    org.springframework.boot.autoconfigure.context.ConfigurationPropertiesAutoConfiguration

    org.apache.camel.component.seda.springboot.SedaComponentConverter

    org.apache.camel.component.xslt.springboot.XsltComponentConverter

    org.springframework.boot.autoconfigure.ssl.SslAutoConfiguration

    org.apache.camel.component.jpa.springboot.JpaComponentConverter

    org.springframework.boot.autoconfigure.context.PropertyPlaceholderAutoConfiguration

    org.springframework.boot.autoconfigure.context.LifecycleAutoConfiguration

    org.apache.camel.spring.boot.security.CamelSSLAutoConfiguration

    org.apache.camel.component.dataset.springboot.DataSetComponentConverter

    org.apache.camel.component.mock.springboot.MockComponentConverter

    org.apache.camel.component.validator.springboot.ValidatorComponentConverter

    org.apache.camel.component.rest.springboot.RestComponentConverter

    org.apache.camel.component.stub.springboot.StubComponentConverter

    org.apache.camel.component.log.springboot.LogComponentConverter

    org.springframework.boot.autoconfigure.availability.ApplicationAvailabilityAutoConfiguration

    org.apache.camel.component.dataset.springboot.DataSetTestComponentConverter

    org.springframework.boot.autoconfigure.info.ProjectInfoAutoConfiguration



]]></system-err>
  </testcase>
</testsuite>